<?xml version="1.0" encoding="UTF-8"?>
<testng-results ignored="2" total="24" passed="0" failed="0" skipped="22">
  <reporter-output>
  </reporter-output>
  <suite started-at="2022-07-02T21:33:42 PKT" name="Suite" finished-at="2022-07-02T21:33:45 PKT" duration-ms="2546">
    <groups>
    </groups>
    <test started-at="2022-07-02T21:33:42 PKT" name="Web Op Booking Testing Flow" finished-at="2022-07-02T21:33:42 PKT" duration-ms="9">
    </test> <!-- Web Op Booking Testing Flow -->
    <test started-at="2022-07-02T21:33:42 PKT" name="New.test.Project" finished-at="2022-07-02T21:33:45 PKT" duration-ms="2472">
      <class name="com.webop.testcases.Booking_flow_testcases_1_20">
        <test-method signature="Emerald_Lunched(java.lang.String)[pri:1, instance:com.webop.testcases.Booking_flow_testcases_1_20@50378a4]" started-at="2022-07-02T21:33:44 PKT" name="Emerald_Lunched" finished-at="2022-07-02T21:33:44 PKT" duration-ms="0" status="SKIP">
          <exception class="org.openqa.selenium.SessionNotCreatedException">
            <message>
              <![CDATA[session not created: This version of ChromeDriver only supports Chrome version 95
Current browser version is 103.0.5060.66 with binary path C:\Program Files (x86)\Google\Chrome\Application\chrome.exe
Build info: version: '3.141.59', revision: 'e82be7d358', time: '2018-11-14T08:17:03'
System info: host: 'DESKTOP-34EGUV4', ip: '192.168.10.9', os.name: 'Windows 10', os.arch: 'amd64', os.version: '10.0', java.version: '16.0.1'
Driver info: driver.version: ChromeDriver
remote stacktrace: Backtrace:
Ordinal0 [0x00D40C43+2493507]
Ordinal0 [0x00CDA4B1+2073777]
Ordinal0 [0x00BE2608+1058312]
Ordinal0 [0x00C00771+1181553]
Ordinal0 [0x00BFC57B+1164667]
Ordinal0 [0x00BF9DCF+1154511]
Ordinal0 [0x00C29F0F+1351439]
Ordinal0 [0x00C29B7A+1350522]
Ordinal0 [0x00C2580B+1333259]
Ordinal0 [0x00C02314+1188628]
Ordinal0 [0x00C0316F+1192303]
GetHandleVerifier [0x00EC7BF6+1548950]
GetHandleVerifier [0x00F7461C+2256060]
GetHandleVerifier [0x00DCC13B+518107]
GetHandleVerifier [0x00DCB1E0+514176]
Ordinal0 [0x00CDF53D+2094397]
Ordinal0 [0x00CE3418+2110488]
Ordinal0 [0x00CE3552+2110802]
Ordinal0 [0x00CECE81+2150017]
BaseThreadInitThunk [0x7699FA29+25]
RtlGetAppContainerNamedObjectPath [0x77AF7A9E+286]
RtlGetAppContainerNamedObjectPath [0x77AF7A6E+238]
]]>
            </message>
            <full-stacktrace>
              <![CDATA[org.openqa.selenium.SessionNotCreatedException: session not created: This version of ChromeDriver only supports Chrome version 95
Current browser version is 103.0.5060.66 with binary path C:\Program Files (x86)\Google\Chrome\Application\chrome.exe
Build info: version: '3.141.59', revision: 'e82be7d358', time: '2018-11-14T08:17:03'
System info: host: 'DESKTOP-34EGUV4', ip: '192.168.10.9', os.name: 'Windows 10', os.arch: 'amd64', os.version: '10.0', java.version: '16.0.1'
Driver info: driver.version: ChromeDriver
remote stacktrace: Backtrace:
Ordinal0 [0x00D40C43+2493507]
Ordinal0 [0x00CDA4B1+2073777]
Ordinal0 [0x00BE2608+1058312]
Ordinal0 [0x00C00771+1181553]
Ordinal0 [0x00BFC57B+1164667]
Ordinal0 [0x00BF9DCF+1154511]
Ordinal0 [0x00C29F0F+1351439]
Ordinal0 [0x00C29B7A+1350522]
Ordinal0 [0x00C2580B+1333259]
Ordinal0 [0x00C02314+1188628]
Ordinal0 [0x00C0316F+1192303]
GetHandleVerifier [0x00EC7BF6+1548950]
GetHandleVerifier [0x00F7461C+2256060]
GetHandleVerifier [0x00DCC13B+518107]
GetHandleVerifier [0x00DCB1E0+514176]
Ordinal0 [0x00CDF53D+2094397]
Ordinal0 [0x00CE3418+2110488]
Ordinal0 [0x00CE3552+2110802]
Ordinal0 [0x00CECE81+2150017]
BaseThreadInitThunk [0x7699FA29+25]
RtlGetAppContainerNamedObjectPath [0x77AF7A9E+286]
RtlGetAppContainerNamedObjectPath [0x77AF7A6E+238]

at java.base/jdk.internal.reflect.NativeConstructorAccessorImpl.newInstance0(Native Method)
at java.base/jdk.internal.reflect.NativeConstructorAccessorImpl.newInstance(NativeConstructorAccessorImpl.java:78)
at java.base/jdk.internal.reflect.DelegatingConstructorAccessorImpl.newInstance(DelegatingConstructorAccessorImpl.java:45)
at java.base/java.lang.reflect.Constructor.newInstanceWithCaller(Constructor.java:499)
at java.base/java.lang.reflect.Constructor.newInstance(Constructor.java:480)
at org.openqa.selenium.remote.W3CHandshakeResponse.lambda$errorHandler$0(W3CHandshakeResponse.java:62)
at org.openqa.selenium.remote.HandshakeResponse.lambda$getResponseFunction$0(HandshakeResponse.java:30)
at org.openqa.selenium.remote.ProtocolHandshake.lambda$createSession$0(ProtocolHandshake.java:126)
at java.base/java.util.stream.ReferencePipeline$3$1.accept(ReferencePipeline.java:197)
at java.base/java.util.Spliterators$ArraySpliterator.tryAdvance(Spliterators.java:958)
at java.base/java.util.stream.ReferencePipeline.forEachWithCancel(ReferencePipeline.java:129)
at java.base/java.util.stream.AbstractPipeline.copyIntoWithCancel(AbstractPipeline.java:502)
at java.base/java.util.stream.AbstractPipeline.copyInto(AbstractPipeline.java:488)
at java.base/java.util.stream.AbstractPipeline.wrapAndCopyInto(AbstractPipeline.java:474)
at java.base/java.util.stream.FindOps$FindOp.evaluateSequential(FindOps.java:150)
at java.base/java.util.stream.AbstractPipeline.evaluate(AbstractPipeline.java:234)
at java.base/java.util.stream.ReferencePipeline.findFirst(ReferencePipeline.java:647)
at org.openqa.selenium.remote.ProtocolHandshake.createSession(ProtocolHandshake.java:128)
at org.openqa.selenium.remote.ProtocolHandshake.createSession(ProtocolHandshake.java:74)
at org.openqa.selenium.remote.HttpCommandExecutor.execute(HttpCommandExecutor.java:136)
at org.openqa.selenium.remote.service.DriverCommandExecutor.execute(DriverCommandExecutor.java:83)
at org.openqa.selenium.remote.RemoteWebDriver.execute(RemoteWebDriver.java:552)
at org.openqa.selenium.remote.RemoteWebDriver.startSession(RemoteWebDriver.java:213)
at org.openqa.selenium.remote.RemoteWebDriver.<init>(RemoteWebDriver.java:131)
at org.openqa.selenium.chrome.ChromeDriver.<init>(ChromeDriver.java:181)
at org.openqa.selenium.chrome.ChromeDriver.<init>(ChromeDriver.java:168)
at org.openqa.selenium.chrome.ChromeDriver.<init>(ChromeDriver.java:157)
at com.webop.common.BrowsersFactory.startBrowser(BrowsersFactory.java:40)
at java.base/jdk.internal.reflect.NativeMethodAccessorImpl.invoke0(Native Method)
at java.base/jdk.internal.reflect.NativeMethodAccessorImpl.invoke(NativeMethodAccessorImpl.java:78)
at java.base/jdk.internal.reflect.DelegatingMethodAccessorImpl.invoke(DelegatingMethodAccessorImpl.java:43)
at java.base/java.lang.reflect.Method.invoke(Method.java:567)
at org.testng.internal.MethodInvocationHelper.invokeMethod(MethodInvocationHelper.java:133)
at org.testng.internal.MethodInvocationHelper.invokeMethodConsideringTimeout(MethodInvocationHelper.java:62)
at org.testng.internal.ConfigInvoker.invokeConfigurationMethod(ConfigInvoker.java:340)
at org.testng.internal.ConfigInvoker.invokeConfigurations(ConfigInvoker.java:294)
at org.testng.TestRunner.invokeTestConfigurations(TestRunner.java:623)
at org.testng.TestRunner.beforeRun(TestRunner.java:613)
at org.testng.TestRunner.run(TestRunner.java:584)
at org.testng.SuiteRunner.runTest(SuiteRunner.java:402)
at org.testng.SuiteRunner.runSequentially(SuiteRunner.java:396)
at org.testng.SuiteRunner.privateRun(SuiteRunner.java:355)
at org.testng.SuiteRunner.run(SuiteRunner.java:304)
at org.testng.SuiteRunnerWorker.runSuite(SuiteRunnerWorker.java:53)
at org.testng.SuiteRunnerWorker.run(SuiteRunnerWorker.java:96)
at org.testng.TestNG.runSuitesSequentially(TestNG.java:1180)
at org.testng.TestNG.runSuitesLocally(TestNG.java:1102)
at org.testng.TestNG.runSuites(TestNG.java:1032)
at org.testng.TestNG.run(TestNG.java:1000)
at org.testng.remote.AbstractRemoteTestNG.run(AbstractRemoteTestNG.java:115)
at org.testng.remote.RemoteTestNG.initAndRun(RemoteTestNG.java:251)
at org.testng.remote.RemoteTestNG.main(RemoteTestNG.java:77)
]]>
            </full-stacktrace>
          </exception> <!-- org.openqa.selenium.SessionNotCreatedException -->
          <reporter-output>
          </reporter-output>
        </test-method> <!-- Emerald_Lunched -->
        <test-method signature="valid_login(java.lang.String, java.lang.String)[pri:2, instance:com.webop.testcases.Booking_flow_testcases_1_20@50378a4]" started-at="2022-07-02T21:33:44 PKT" name="valid_login" finished-at="2022-07-02T21:33:44 PKT" duration-ms="0" status="SKIP">
          <exception class="org.openqa.selenium.SessionNotCreatedException">
            <message>
              <![CDATA[session not created: This version of ChromeDriver only supports Chrome version 95
Current browser version is 103.0.5060.66 with binary path C:\Program Files (x86)\Google\Chrome\Application\chrome.exe
Build info: version: '3.141.59', revision: 'e82be7d358', time: '2018-11-14T08:17:03'
System info: host: 'DESKTOP-34EGUV4', ip: '192.168.10.9', os.name: 'Windows 10', os.arch: 'amd64', os.version: '10.0', java.version: '16.0.1'
Driver info: driver.version: ChromeDriver
remote stacktrace: Backtrace:
Ordinal0 [0x00D40C43+2493507]
Ordinal0 [0x00CDA4B1+2073777]
Ordinal0 [0x00BE2608+1058312]
Ordinal0 [0x00C00771+1181553]
Ordinal0 [0x00BFC57B+1164667]
Ordinal0 [0x00BF9DCF+1154511]
Ordinal0 [0x00C29F0F+1351439]
Ordinal0 [0x00C29B7A+1350522]
Ordinal0 [0x00C2580B+1333259]
Ordinal0 [0x00C02314+1188628]
Ordinal0 [0x00C0316F+1192303]
GetHandleVerifier [0x00EC7BF6+1548950]
GetHandleVerifier [0x00F7461C+2256060]
GetHandleVerifier [0x00DCC13B+518107]
GetHandleVerifier [0x00DCB1E0+514176]
Ordinal0 [0x00CDF53D+2094397]
Ordinal0 [0x00CE3418+2110488]
Ordinal0 [0x00CE3552+2110802]
Ordinal0 [0x00CECE81+2150017]
BaseThreadInitThunk [0x7699FA29+25]
RtlGetAppContainerNamedObjectPath [0x77AF7A9E+286]
RtlGetAppContainerNamedObjectPath [0x77AF7A6E+238]
]]>
            </message>
            <full-stacktrace>
              <![CDATA[org.openqa.selenium.SessionNotCreatedException: session not created: This version of ChromeDriver only supports Chrome version 95
Current browser version is 103.0.5060.66 with binary path C:\Program Files (x86)\Google\Chrome\Application\chrome.exe
Build info: version: '3.141.59', revision: 'e82be7d358', time: '2018-11-14T08:17:03'
System info: host: 'DESKTOP-34EGUV4', ip: '192.168.10.9', os.name: 'Windows 10', os.arch: 'amd64', os.version: '10.0', java.version: '16.0.1'
Driver info: driver.version: ChromeDriver
remote stacktrace: Backtrace:
Ordinal0 [0x00D40C43+2493507]
Ordinal0 [0x00CDA4B1+2073777]
Ordinal0 [0x00BE2608+1058312]
Ordinal0 [0x00C00771+1181553]
Ordinal0 [0x00BFC57B+1164667]
Ordinal0 [0x00BF9DCF+1154511]
Ordinal0 [0x00C29F0F+1351439]
Ordinal0 [0x00C29B7A+1350522]
Ordinal0 [0x00C2580B+1333259]
Ordinal0 [0x00C02314+1188628]
Ordinal0 [0x00C0316F+1192303]
GetHandleVerifier [0x00EC7BF6+1548950]
GetHandleVerifier [0x00F7461C+2256060]
GetHandleVerifier [0x00DCC13B+518107]
GetHandleVerifier [0x00DCB1E0+514176]
Ordinal0 [0x00CDF53D+2094397]
Ordinal0 [0x00CE3418+2110488]
Ordinal0 [0x00CE3552+2110802]
Ordinal0 [0x00CECE81+2150017]
BaseThreadInitThunk [0x7699FA29+25]
RtlGetAppContainerNamedObjectPath [0x77AF7A9E+286]
RtlGetAppContainerNamedObjectPath [0x77AF7A6E+238]

at java.base/jdk.internal.reflect.NativeConstructorAccessorImpl.newInstance0(Native Method)
at java.base/jdk.internal.reflect.NativeConstructorAccessorImpl.newInstance(NativeConstructorAccessorImpl.java:78)
at java.base/jdk.internal.reflect.DelegatingConstructorAccessorImpl.newInstance(DelegatingConstructorAccessorImpl.java:45)
at java.base/java.lang.reflect.Constructor.newInstanceWithCaller(Constructor.java:499)
at java.base/java.lang.reflect.Constructor.newInstance(Constructor.java:480)
at org.openqa.selenium.remote.W3CHandshakeResponse.lambda$errorHandler$0(W3CHandshakeResponse.java:62)
at org.openqa.selenium.remote.HandshakeResponse.lambda$getResponseFunction$0(HandshakeResponse.java:30)
at org.openqa.selenium.remote.ProtocolHandshake.lambda$createSession$0(ProtocolHandshake.java:126)
at java.base/java.util.stream.ReferencePipeline$3$1.accept(ReferencePipeline.java:197)
at java.base/java.util.Spliterators$ArraySpliterator.tryAdvance(Spliterators.java:958)
at java.base/java.util.stream.ReferencePipeline.forEachWithCancel(ReferencePipeline.java:129)
at java.base/java.util.stream.AbstractPipeline.copyIntoWithCancel(AbstractPipeline.java:502)
at java.base/java.util.stream.AbstractPipeline.copyInto(AbstractPipeline.java:488)
at java.base/java.util.stream.AbstractPipeline.wrapAndCopyInto(AbstractPipeline.java:474)
at java.base/java.util.stream.FindOps$FindOp.evaluateSequential(FindOps.java:150)
at java.base/java.util.stream.AbstractPipeline.evaluate(AbstractPipeline.java:234)
at java.base/java.util.stream.ReferencePipeline.findFirst(ReferencePipeline.java:647)
at org.openqa.selenium.remote.ProtocolHandshake.createSession(ProtocolHandshake.java:128)
at org.openqa.selenium.remote.ProtocolHandshake.createSession(ProtocolHandshake.java:74)
at org.openqa.selenium.remote.HttpCommandExecutor.execute(HttpCommandExecutor.java:136)
at org.openqa.selenium.remote.service.DriverCommandExecutor.execute(DriverCommandExecutor.java:83)
at org.openqa.selenium.remote.RemoteWebDriver.execute(RemoteWebDriver.java:552)
at org.openqa.selenium.remote.RemoteWebDriver.startSession(RemoteWebDriver.java:213)
at org.openqa.selenium.remote.RemoteWebDriver.<init>(RemoteWebDriver.java:131)
at org.openqa.selenium.chrome.ChromeDriver.<init>(ChromeDriver.java:181)
at org.openqa.selenium.chrome.ChromeDriver.<init>(ChromeDriver.java:168)
at org.openqa.selenium.chrome.ChromeDriver.<init>(ChromeDriver.java:157)
at com.webop.common.BrowsersFactory.startBrowser(BrowsersFactory.java:40)
at java.base/jdk.internal.reflect.NativeMethodAccessorImpl.invoke0(Native Method)
at java.base/jdk.internal.reflect.NativeMethodAccessorImpl.invoke(NativeMethodAccessorImpl.java:78)
at java.base/jdk.internal.reflect.DelegatingMethodAccessorImpl.invoke(DelegatingMethodAccessorImpl.java:43)
at java.base/java.lang.reflect.Method.invoke(Method.java:567)
at org.testng.internal.MethodInvocationHelper.invokeMethod(MethodInvocationHelper.java:133)
at org.testng.internal.MethodInvocationHelper.invokeMethodConsideringTimeout(MethodInvocationHelper.java:62)
at org.testng.internal.ConfigInvoker.invokeConfigurationMethod(ConfigInvoker.java:340)
at org.testng.internal.ConfigInvoker.invokeConfigurations(ConfigInvoker.java:294)
at org.testng.TestRunner.invokeTestConfigurations(TestRunner.java:623)
at org.testng.TestRunner.beforeRun(TestRunner.java:613)
at org.testng.TestRunner.run(TestRunner.java:584)
at org.testng.SuiteRunner.runTest(SuiteRunner.java:402)
at org.testng.SuiteRunner.runSequentially(SuiteRunner.java:396)
at org.testng.SuiteRunner.privateRun(SuiteRunner.java:355)
at org.testng.SuiteRunner.run(SuiteRunner.java:304)
at org.testng.SuiteRunnerWorker.runSuite(SuiteRunnerWorker.java:53)
at org.testng.SuiteRunnerWorker.run(SuiteRunnerWorker.java:96)
at org.testng.TestNG.runSuitesSequentially(TestNG.java:1180)
at org.testng.TestNG.runSuitesLocally(TestNG.java:1102)
at org.testng.TestNG.runSuites(TestNG.java:1032)
at org.testng.TestNG.run(TestNG.java:1000)
at org.testng.remote.AbstractRemoteTestNG.run(AbstractRemoteTestNG.java:115)
at org.testng.remote.RemoteTestNG.initAndRun(RemoteTestNG.java:251)
at org.testng.remote.RemoteTestNG.main(RemoteTestNG.java:77)
]]>
            </full-stacktrace>
          </exception> <!-- org.openqa.selenium.SessionNotCreatedException -->
          <reporter-output>
          </reporter-output>
        </test-method> <!-- valid_login -->
        <test-method signature="Booked_Job_with_Normal_flow_1(java.lang.String, java.lang.String, java.lang.String, java.lang.String, java.lang.String, java.lang.String, java.lang.String, java.lang.String)[pri:3, instance:com.webop.testcases.Booking_flow_testcases_1_20@50378a4]" started-at="2022-07-02T21:33:44 PKT" name="Booked_Job_with_Normal_flow_1" finished-at="2022-07-02T21:33:44 PKT" duration-ms="0" status="SKIP">
          <exception class="org.openqa.selenium.SessionNotCreatedException">
            <message>
              <![CDATA[session not created: This version of ChromeDriver only supports Chrome version 95
Current browser version is 103.0.5060.66 with binary path C:\Program Files (x86)\Google\Chrome\Application\chrome.exe
Build info: version: '3.141.59', revision: 'e82be7d358', time: '2018-11-14T08:17:03'
System info: host: 'DESKTOP-34EGUV4', ip: '192.168.10.9', os.name: 'Windows 10', os.arch: 'amd64', os.version: '10.0', java.version: '16.0.1'
Driver info: driver.version: ChromeDriver
remote stacktrace: Backtrace:
Ordinal0 [0x00D40C43+2493507]
Ordinal0 [0x00CDA4B1+2073777]
Ordinal0 [0x00BE2608+1058312]
Ordinal0 [0x00C00771+1181553]
Ordinal0 [0x00BFC57B+1164667]
Ordinal0 [0x00BF9DCF+1154511]
Ordinal0 [0x00C29F0F+1351439]
Ordinal0 [0x00C29B7A+1350522]
Ordinal0 [0x00C2580B+1333259]
Ordinal0 [0x00C02314+1188628]
Ordinal0 [0x00C0316F+1192303]
GetHandleVerifier [0x00EC7BF6+1548950]
GetHandleVerifier [0x00F7461C+2256060]
GetHandleVerifier [0x00DCC13B+518107]
GetHandleVerifier [0x00DCB1E0+514176]
Ordinal0 [0x00CDF53D+2094397]
Ordinal0 [0x00CE3418+2110488]
Ordinal0 [0x00CE3552+2110802]
Ordinal0 [0x00CECE81+2150017]
BaseThreadInitThunk [0x7699FA29+25]
RtlGetAppContainerNamedObjectPath [0x77AF7A9E+286]
RtlGetAppContainerNamedObjectPath [0x77AF7A6E+238]
]]>
            </message>
            <full-stacktrace>
              <![CDATA[org.openqa.selenium.SessionNotCreatedException: session not created: This version of ChromeDriver only supports Chrome version 95
Current browser version is 103.0.5060.66 with binary path C:\Program Files (x86)\Google\Chrome\Application\chrome.exe
Build info: version: '3.141.59', revision: 'e82be7d358', time: '2018-11-14T08:17:03'
System info: host: 'DESKTOP-34EGUV4', ip: '192.168.10.9', os.name: 'Windows 10', os.arch: 'amd64', os.version: '10.0', java.version: '16.0.1'
Driver info: driver.version: ChromeDriver
remote stacktrace: Backtrace:
Ordinal0 [0x00D40C43+2493507]
Ordinal0 [0x00CDA4B1+2073777]
Ordinal0 [0x00BE2608+1058312]
Ordinal0 [0x00C00771+1181553]
Ordinal0 [0x00BFC57B+1164667]
Ordinal0 [0x00BF9DCF+1154511]
Ordinal0 [0x00C29F0F+1351439]
Ordinal0 [0x00C29B7A+1350522]
Ordinal0 [0x00C2580B+1333259]
Ordinal0 [0x00C02314+1188628]
Ordinal0 [0x00C0316F+1192303]
GetHandleVerifier [0x00EC7BF6+1548950]
GetHandleVerifier [0x00F7461C+2256060]
GetHandleVerifier [0x00DCC13B+518107]
GetHandleVerifier [0x00DCB1E0+514176]
Ordinal0 [0x00CDF53D+2094397]
Ordinal0 [0x00CE3418+2110488]
Ordinal0 [0x00CE3552+2110802]
Ordinal0 [0x00CECE81+2150017]
BaseThreadInitThunk [0x7699FA29+25]
RtlGetAppContainerNamedObjectPath [0x77AF7A9E+286]
RtlGetAppContainerNamedObjectPath [0x77AF7A6E+238]

at java.base/jdk.internal.reflect.NativeConstructorAccessorImpl.newInstance0(Native Method)
at java.base/jdk.internal.reflect.NativeConstructorAccessorImpl.newInstance(NativeConstructorAccessorImpl.java:78)
at java.base/jdk.internal.reflect.DelegatingConstructorAccessorImpl.newInstance(DelegatingConstructorAccessorImpl.java:45)
at java.base/java.lang.reflect.Constructor.newInstanceWithCaller(Constructor.java:499)
at java.base/java.lang.reflect.Constructor.newInstance(Constructor.java:480)
at org.openqa.selenium.remote.W3CHandshakeResponse.lambda$errorHandler$0(W3CHandshakeResponse.java:62)
at org.openqa.selenium.remote.HandshakeResponse.lambda$getResponseFunction$0(HandshakeResponse.java:30)
at org.openqa.selenium.remote.ProtocolHandshake.lambda$createSession$0(ProtocolHandshake.java:126)
at java.base/java.util.stream.ReferencePipeline$3$1.accept(ReferencePipeline.java:197)
at java.base/java.util.Spliterators$ArraySpliterator.tryAdvance(Spliterators.java:958)
at java.base/java.util.stream.ReferencePipeline.forEachWithCancel(ReferencePipeline.java:129)
at java.base/java.util.stream.AbstractPipeline.copyIntoWithCancel(AbstractPipeline.java:502)
at java.base/java.util.stream.AbstractPipeline.copyInto(AbstractPipeline.java:488)
at java.base/java.util.stream.AbstractPipeline.wrapAndCopyInto(AbstractPipeline.java:474)
at java.base/java.util.stream.FindOps$FindOp.evaluateSequential(FindOps.java:150)
at java.base/java.util.stream.AbstractPipeline.evaluate(AbstractPipeline.java:234)
at java.base/java.util.stream.ReferencePipeline.findFirst(ReferencePipeline.java:647)
at org.openqa.selenium.remote.ProtocolHandshake.createSession(ProtocolHandshake.java:128)
at org.openqa.selenium.remote.ProtocolHandshake.createSession(ProtocolHandshake.java:74)
at org.openqa.selenium.remote.HttpCommandExecutor.execute(HttpCommandExecutor.java:136)
at org.openqa.selenium.remote.service.DriverCommandExecutor.execute(DriverCommandExecutor.java:83)
at org.openqa.selenium.remote.RemoteWebDriver.execute(RemoteWebDriver.java:552)
at org.openqa.selenium.remote.RemoteWebDriver.startSession(RemoteWebDriver.java:213)
at org.openqa.selenium.remote.RemoteWebDriver.<init>(RemoteWebDriver.java:131)
at org.openqa.selenium.chrome.ChromeDriver.<init>(ChromeDriver.java:181)
at org.openqa.selenium.chrome.ChromeDriver.<init>(ChromeDriver.java:168)
at org.openqa.selenium.chrome.ChromeDriver.<init>(ChromeDriver.java:157)
at com.webop.common.BrowsersFactory.startBrowser(BrowsersFactory.java:40)
at java.base/jdk.internal.reflect.NativeMethodAccessorImpl.invoke0(Native Method)
at java.base/jdk.internal.reflect.NativeMethodAccessorImpl.invoke(NativeMethodAccessorImpl.java:78)
at java.base/jdk.internal.reflect.DelegatingMethodAccessorImpl.invoke(DelegatingMethodAccessorImpl.java:43)
at java.base/java.lang.reflect.Method.invoke(Method.java:567)
at org.testng.internal.MethodInvocationHelper.invokeMethod(MethodInvocationHelper.java:133)
at org.testng.internal.MethodInvocationHelper.invokeMethodConsideringTimeout(MethodInvocationHelper.java:62)
at org.testng.internal.ConfigInvoker.invokeConfigurationMethod(ConfigInvoker.java:340)
at org.testng.internal.ConfigInvoker.invokeConfigurations(ConfigInvoker.java:294)
at org.testng.TestRunner.invokeTestConfigurations(TestRunner.java:623)
at org.testng.TestRunner.beforeRun(TestRunner.java:613)
at org.testng.TestRunner.run(TestRunner.java:584)
at org.testng.SuiteRunner.runTest(SuiteRunner.java:402)
at org.testng.SuiteRunner.runSequentially(SuiteRunner.java:396)
at org.testng.SuiteRunner.privateRun(SuiteRunner.java:355)
at org.testng.SuiteRunner.run(SuiteRunner.java:304)
at org.testng.SuiteRunnerWorker.runSuite(SuiteRunnerWorker.java:53)
at org.testng.SuiteRunnerWorker.run(SuiteRunnerWorker.java:96)
at org.testng.TestNG.runSuitesSequentially(TestNG.java:1180)
at org.testng.TestNG.runSuitesLocally(TestNG.java:1102)
at org.testng.TestNG.runSuites(TestNG.java:1032)
at org.testng.TestNG.run(TestNG.java:1000)
at org.testng.remote.AbstractRemoteTestNG.run(AbstractRemoteTestNG.java:115)
at org.testng.remote.RemoteTestNG.initAndRun(RemoteTestNG.java:251)
at org.testng.remote.RemoteTestNG.main(RemoteTestNG.java:77)
]]>
            </full-stacktrace>
          </exception> <!-- org.openqa.selenium.SessionNotCreatedException -->
          <reporter-output>
          </reporter-output>
        </test-method> <!-- Booked_Job_with_Normal_flow_1 -->
        <test-method signature="Booked_Job_2(java.lang.String, java.lang.String, java.lang.String, java.lang.String, java.lang.String, java.lang.String, java.lang.String, java.lang.String)[pri:4, instance:com.webop.testcases.Booking_flow_testcases_1_20@50378a4]" started-at="2022-07-02T21:33:44 PKT" name="Booked_Job_2" finished-at="2022-07-02T21:33:44 PKT" duration-ms="0" status="SKIP">
          <exception class="org.openqa.selenium.SessionNotCreatedException">
            <message>
              <![CDATA[session not created: This version of ChromeDriver only supports Chrome version 95
Current browser version is 103.0.5060.66 with binary path C:\Program Files (x86)\Google\Chrome\Application\chrome.exe
Build info: version: '3.141.59', revision: 'e82be7d358', time: '2018-11-14T08:17:03'
System info: host: 'DESKTOP-34EGUV4', ip: '192.168.10.9', os.name: 'Windows 10', os.arch: 'amd64', os.version: '10.0', java.version: '16.0.1'
Driver info: driver.version: ChromeDriver
remote stacktrace: Backtrace:
Ordinal0 [0x00D40C43+2493507]
Ordinal0 [0x00CDA4B1+2073777]
Ordinal0 [0x00BE2608+1058312]
Ordinal0 [0x00C00771+1181553]
Ordinal0 [0x00BFC57B+1164667]
Ordinal0 [0x00BF9DCF+1154511]
Ordinal0 [0x00C29F0F+1351439]
Ordinal0 [0x00C29B7A+1350522]
Ordinal0 [0x00C2580B+1333259]
Ordinal0 [0x00C02314+1188628]
Ordinal0 [0x00C0316F+1192303]
GetHandleVerifier [0x00EC7BF6+1548950]
GetHandleVerifier [0x00F7461C+2256060]
GetHandleVerifier [0x00DCC13B+518107]
GetHandleVerifier [0x00DCB1E0+514176]
Ordinal0 [0x00CDF53D+2094397]
Ordinal0 [0x00CE3418+2110488]
Ordinal0 [0x00CE3552+2110802]
Ordinal0 [0x00CECE81+2150017]
BaseThreadInitThunk [0x7699FA29+25]
RtlGetAppContainerNamedObjectPath [0x77AF7A9E+286]
RtlGetAppContainerNamedObjectPath [0x77AF7A6E+238]
]]>
            </message>
            <full-stacktrace>
              <![CDATA[org.openqa.selenium.SessionNotCreatedException: session not created: This version of ChromeDriver only supports Chrome version 95
Current browser version is 103.0.5060.66 with binary path C:\Program Files (x86)\Google\Chrome\Application\chrome.exe
Build info: version: '3.141.59', revision: 'e82be7d358', time: '2018-11-14T08:17:03'
System info: host: 'DESKTOP-34EGUV4', ip: '192.168.10.9', os.name: 'Windows 10', os.arch: 'amd64', os.version: '10.0', java.version: '16.0.1'
Driver info: driver.version: ChromeDriver
remote stacktrace: Backtrace:
Ordinal0 [0x00D40C43+2493507]
Ordinal0 [0x00CDA4B1+2073777]
Ordinal0 [0x00BE2608+1058312]
Ordinal0 [0x00C00771+1181553]
Ordinal0 [0x00BFC57B+1164667]
Ordinal0 [0x00BF9DCF+1154511]
Ordinal0 [0x00C29F0F+1351439]
Ordinal0 [0x00C29B7A+1350522]
Ordinal0 [0x00C2580B+1333259]
Ordinal0 [0x00C02314+1188628]
Ordinal0 [0x00C0316F+1192303]
GetHandleVerifier [0x00EC7BF6+1548950]
GetHandleVerifier [0x00F7461C+2256060]
GetHandleVerifier [0x00DCC13B+518107]
GetHandleVerifier [0x00DCB1E0+514176]
Ordinal0 [0x00CDF53D+2094397]
Ordinal0 [0x00CE3418+2110488]
Ordinal0 [0x00CE3552+2110802]
Ordinal0 [0x00CECE81+2150017]
BaseThreadInitThunk [0x7699FA29+25]
RtlGetAppContainerNamedObjectPath [0x77AF7A9E+286]
RtlGetAppContainerNamedObjectPath [0x77AF7A6E+238]

at java.base/jdk.internal.reflect.NativeConstructorAccessorImpl.newInstance0(Native Method)
at java.base/jdk.internal.reflect.NativeConstructorAccessorImpl.newInstance(NativeConstructorAccessorImpl.java:78)
at java.base/jdk.internal.reflect.DelegatingConstructorAccessorImpl.newInstance(DelegatingConstructorAccessorImpl.java:45)
at java.base/java.lang.reflect.Constructor.newInstanceWithCaller(Constructor.java:499)
at java.base/java.lang.reflect.Constructor.newInstance(Constructor.java:480)
at org.openqa.selenium.remote.W3CHandshakeResponse.lambda$errorHandler$0(W3CHandshakeResponse.java:62)
at org.openqa.selenium.remote.HandshakeResponse.lambda$getResponseFunction$0(HandshakeResponse.java:30)
at org.openqa.selenium.remote.ProtocolHandshake.lambda$createSession$0(ProtocolHandshake.java:126)
at java.base/java.util.stream.ReferencePipeline$3$1.accept(ReferencePipeline.java:197)
at java.base/java.util.Spliterators$ArraySpliterator.tryAdvance(Spliterators.java:958)
at java.base/java.util.stream.ReferencePipeline.forEachWithCancel(ReferencePipeline.java:129)
at java.base/java.util.stream.AbstractPipeline.copyIntoWithCancel(AbstractPipeline.java:502)
at java.base/java.util.stream.AbstractPipeline.copyInto(AbstractPipeline.java:488)
at java.base/java.util.stream.AbstractPipeline.wrapAndCopyInto(AbstractPipeline.java:474)
at java.base/java.util.stream.FindOps$FindOp.evaluateSequential(FindOps.java:150)
at java.base/java.util.stream.AbstractPipeline.evaluate(AbstractPipeline.java:234)
at java.base/java.util.stream.ReferencePipeline.findFirst(ReferencePipeline.java:647)
at org.openqa.selenium.remote.ProtocolHandshake.createSession(ProtocolHandshake.java:128)
at org.openqa.selenium.remote.ProtocolHandshake.createSession(ProtocolHandshake.java:74)
at org.openqa.selenium.remote.HttpCommandExecutor.execute(HttpCommandExecutor.java:136)
at org.openqa.selenium.remote.service.DriverCommandExecutor.execute(DriverCommandExecutor.java:83)
at org.openqa.selenium.remote.RemoteWebDriver.execute(RemoteWebDriver.java:552)
at org.openqa.selenium.remote.RemoteWebDriver.startSession(RemoteWebDriver.java:213)
at org.openqa.selenium.remote.RemoteWebDriver.<init>(RemoteWebDriver.java:131)
at org.openqa.selenium.chrome.ChromeDriver.<init>(ChromeDriver.java:181)
at org.openqa.selenium.chrome.ChromeDriver.<init>(ChromeDriver.java:168)
at org.openqa.selenium.chrome.ChromeDriver.<init>(ChromeDriver.java:157)
at com.webop.common.BrowsersFactory.startBrowser(BrowsersFactory.java:40)
at java.base/jdk.internal.reflect.NativeMethodAccessorImpl.invoke0(Native Method)
at java.base/jdk.internal.reflect.NativeMethodAccessorImpl.invoke(NativeMethodAccessorImpl.java:78)
at java.base/jdk.internal.reflect.DelegatingMethodAccessorImpl.invoke(DelegatingMethodAccessorImpl.java:43)
at java.base/java.lang.reflect.Method.invoke(Method.java:567)
at org.testng.internal.MethodInvocationHelper.invokeMethod(MethodInvocationHelper.java:133)
at org.testng.internal.MethodInvocationHelper.invokeMethodConsideringTimeout(MethodInvocationHelper.java:62)
at org.testng.internal.ConfigInvoker.invokeConfigurationMethod(ConfigInvoker.java:340)
at org.testng.internal.ConfigInvoker.invokeConfigurations(ConfigInvoker.java:294)
at org.testng.TestRunner.invokeTestConfigurations(TestRunner.java:623)
at org.testng.TestRunner.beforeRun(TestRunner.java:613)
at org.testng.TestRunner.run(TestRunner.java:584)
at org.testng.SuiteRunner.runTest(SuiteRunner.java:402)
at org.testng.SuiteRunner.runSequentially(SuiteRunner.java:396)
at org.testng.SuiteRunner.privateRun(SuiteRunner.java:355)
at org.testng.SuiteRunner.run(SuiteRunner.java:304)
at org.testng.SuiteRunnerWorker.runSuite(SuiteRunnerWorker.java:53)
at org.testng.SuiteRunnerWorker.run(SuiteRunnerWorker.java:96)
at org.testng.TestNG.runSuitesSequentially(TestNG.java:1180)
at org.testng.TestNG.runSuitesLocally(TestNG.java:1102)
at org.testng.TestNG.runSuites(TestNG.java:1032)
at org.testng.TestNG.run(TestNG.java:1000)
at org.testng.remote.AbstractRemoteTestNG.run(AbstractRemoteTestNG.java:115)
at org.testng.remote.RemoteTestNG.initAndRun(RemoteTestNG.java:251)
at org.testng.remote.RemoteTestNG.main(RemoteTestNG.java:77)
]]>
            </full-stacktrace>
          </exception> <!-- org.openqa.selenium.SessionNotCreatedException -->
          <reporter-output>
          </reporter-output>
        </test-method> <!-- Booked_Job_2 -->
        <test-method signature="Booked_Job_3(java.lang.String, java.lang.String, java.lang.String, java.lang.String, java.lang.String, java.lang.String, java.lang.String, java.lang.String)[pri:5, instance:com.webop.testcases.Booking_flow_testcases_1_20@50378a4]" started-at="2022-07-02T21:33:44 PKT" name="Booked_Job_3" finished-at="2022-07-02T21:33:44 PKT" duration-ms="0" status="SKIP">
          <exception class="org.openqa.selenium.SessionNotCreatedException">
            <message>
              <![CDATA[session not created: This version of ChromeDriver only supports Chrome version 95
Current browser version is 103.0.5060.66 with binary path C:\Program Files (x86)\Google\Chrome\Application\chrome.exe
Build info: version: '3.141.59', revision: 'e82be7d358', time: '2018-11-14T08:17:03'
System info: host: 'DESKTOP-34EGUV4', ip: '192.168.10.9', os.name: 'Windows 10', os.arch: 'amd64', os.version: '10.0', java.version: '16.0.1'
Driver info: driver.version: ChromeDriver
remote stacktrace: Backtrace:
Ordinal0 [0x00D40C43+2493507]
Ordinal0 [0x00CDA4B1+2073777]
Ordinal0 [0x00BE2608+1058312]
Ordinal0 [0x00C00771+1181553]
Ordinal0 [0x00BFC57B+1164667]
Ordinal0 [0x00BF9DCF+1154511]
Ordinal0 [0x00C29F0F+1351439]
Ordinal0 [0x00C29B7A+1350522]
Ordinal0 [0x00C2580B+1333259]
Ordinal0 [0x00C02314+1188628]
Ordinal0 [0x00C0316F+1192303]
GetHandleVerifier [0x00EC7BF6+1548950]
GetHandleVerifier [0x00F7461C+2256060]
GetHandleVerifier [0x00DCC13B+518107]
GetHandleVerifier [0x00DCB1E0+514176]
Ordinal0 [0x00CDF53D+2094397]
Ordinal0 [0x00CE3418+2110488]
Ordinal0 [0x00CE3552+2110802]
Ordinal0 [0x00CECE81+2150017]
BaseThreadInitThunk [0x7699FA29+25]
RtlGetAppContainerNamedObjectPath [0x77AF7A9E+286]
RtlGetAppContainerNamedObjectPath [0x77AF7A6E+238]
]]>
            </message>
            <full-stacktrace>
              <![CDATA[org.openqa.selenium.SessionNotCreatedException: session not created: This version of ChromeDriver only supports Chrome version 95
Current browser version is 103.0.5060.66 with binary path C:\Program Files (x86)\Google\Chrome\Application\chrome.exe
Build info: version: '3.141.59', revision: 'e82be7d358', time: '2018-11-14T08:17:03'
System info: host: 'DESKTOP-34EGUV4', ip: '192.168.10.9', os.name: 'Windows 10', os.arch: 'amd64', os.version: '10.0', java.version: '16.0.1'
Driver info: driver.version: ChromeDriver
remote stacktrace: Backtrace:
Ordinal0 [0x00D40C43+2493507]
Ordinal0 [0x00CDA4B1+2073777]
Ordinal0 [0x00BE2608+1058312]
Ordinal0 [0x00C00771+1181553]
Ordinal0 [0x00BFC57B+1164667]
Ordinal0 [0x00BF9DCF+1154511]
Ordinal0 [0x00C29F0F+1351439]
Ordinal0 [0x00C29B7A+1350522]
Ordinal0 [0x00C2580B+1333259]
Ordinal0 [0x00C02314+1188628]
Ordinal0 [0x00C0316F+1192303]
GetHandleVerifier [0x00EC7BF6+1548950]
GetHandleVerifier [0x00F7461C+2256060]
GetHandleVerifier [0x00DCC13B+518107]
GetHandleVerifier [0x00DCB1E0+514176]
Ordinal0 [0x00CDF53D+2094397]
Ordinal0 [0x00CE3418+2110488]
Ordinal0 [0x00CE3552+2110802]
Ordinal0 [0x00CECE81+2150017]
BaseThreadInitThunk [0x7699FA29+25]
RtlGetAppContainerNamedObjectPath [0x77AF7A9E+286]
RtlGetAppContainerNamedObjectPath [0x77AF7A6E+238]

at java.base/jdk.internal.reflect.NativeConstructorAccessorImpl.newInstance0(Native Method)
at java.base/jdk.internal.reflect.NativeConstructorAccessorImpl.newInstance(NativeConstructorAccessorImpl.java:78)
at java.base/jdk.internal.reflect.DelegatingConstructorAccessorImpl.newInstance(DelegatingConstructorAccessorImpl.java:45)
at java.base/java.lang.reflect.Constructor.newInstanceWithCaller(Constructor.java:499)
at java.base/java.lang.reflect.Constructor.newInstance(Constructor.java:480)
at org.openqa.selenium.remote.W3CHandshakeResponse.lambda$errorHandler$0(W3CHandshakeResponse.java:62)
at org.openqa.selenium.remote.HandshakeResponse.lambda$getResponseFunction$0(HandshakeResponse.java:30)
at org.openqa.selenium.remote.ProtocolHandshake.lambda$createSession$0(ProtocolHandshake.java:126)
at java.base/java.util.stream.ReferencePipeline$3$1.accept(ReferencePipeline.java:197)
at java.base/java.util.Spliterators$ArraySpliterator.tryAdvance(Spliterators.java:958)
at java.base/java.util.stream.ReferencePipeline.forEachWithCancel(ReferencePipeline.java:129)
at java.base/java.util.stream.AbstractPipeline.copyIntoWithCancel(AbstractPipeline.java:502)
at java.base/java.util.stream.AbstractPipeline.copyInto(AbstractPipeline.java:488)
at java.base/java.util.stream.AbstractPipeline.wrapAndCopyInto(AbstractPipeline.java:474)
at java.base/java.util.stream.FindOps$FindOp.evaluateSequential(FindOps.java:150)
at java.base/java.util.stream.AbstractPipeline.evaluate(AbstractPipeline.java:234)
at java.base/java.util.stream.ReferencePipeline.findFirst(ReferencePipeline.java:647)
at org.openqa.selenium.remote.ProtocolHandshake.createSession(ProtocolHandshake.java:128)
at org.openqa.selenium.remote.ProtocolHandshake.createSession(ProtocolHandshake.java:74)
at org.openqa.selenium.remote.HttpCommandExecutor.execute(HttpCommandExecutor.java:136)
at org.openqa.selenium.remote.service.DriverCommandExecutor.execute(DriverCommandExecutor.java:83)
at org.openqa.selenium.remote.RemoteWebDriver.execute(RemoteWebDriver.java:552)
at org.openqa.selenium.remote.RemoteWebDriver.startSession(RemoteWebDriver.java:213)
at org.openqa.selenium.remote.RemoteWebDriver.<init>(RemoteWebDriver.java:131)
at org.openqa.selenium.chrome.ChromeDriver.<init>(ChromeDriver.java:181)
at org.openqa.selenium.chrome.ChromeDriver.<init>(ChromeDriver.java:168)
at org.openqa.selenium.chrome.ChromeDriver.<init>(ChromeDriver.java:157)
at com.webop.common.BrowsersFactory.startBrowser(BrowsersFactory.java:40)
at java.base/jdk.internal.reflect.NativeMethodAccessorImpl.invoke0(Native Method)
at java.base/jdk.internal.reflect.NativeMethodAccessorImpl.invoke(NativeMethodAccessorImpl.java:78)
at java.base/jdk.internal.reflect.DelegatingMethodAccessorImpl.invoke(DelegatingMethodAccessorImpl.java:43)
at java.base/java.lang.reflect.Method.invoke(Method.java:567)
at org.testng.internal.MethodInvocationHelper.invokeMethod(MethodInvocationHelper.java:133)
at org.testng.internal.MethodInvocationHelper.invokeMethodConsideringTimeout(MethodInvocationHelper.java:62)
at org.testng.internal.ConfigInvoker.invokeConfigurationMethod(ConfigInvoker.java:340)
at org.testng.internal.ConfigInvoker.invokeConfigurations(ConfigInvoker.java:294)
at org.testng.TestRunner.invokeTestConfigurations(TestRunner.java:623)
at org.testng.TestRunner.beforeRun(TestRunner.java:613)
at org.testng.TestRunner.run(TestRunner.java:584)
at org.testng.SuiteRunner.runTest(SuiteRunner.java:402)
at org.testng.SuiteRunner.runSequentially(SuiteRunner.java:396)
at org.testng.SuiteRunner.privateRun(SuiteRunner.java:355)
at org.testng.SuiteRunner.run(SuiteRunner.java:304)
at org.testng.SuiteRunnerWorker.runSuite(SuiteRunnerWorker.java:53)
at org.testng.SuiteRunnerWorker.run(SuiteRunnerWorker.java:96)
at org.testng.TestNG.runSuitesSequentially(TestNG.java:1180)
at org.testng.TestNG.runSuitesLocally(TestNG.java:1102)
at org.testng.TestNG.runSuites(TestNG.java:1032)
at org.testng.TestNG.run(TestNG.java:1000)
at org.testng.remote.AbstractRemoteTestNG.run(AbstractRemoteTestNG.java:115)
at org.testng.remote.RemoteTestNG.initAndRun(RemoteTestNG.java:251)
at org.testng.remote.RemoteTestNG.main(RemoteTestNG.java:77)
]]>
            </full-stacktrace>
          </exception> <!-- org.openqa.selenium.SessionNotCreatedException -->
          <reporter-output>
          </reporter-output>
        </test-method> <!-- Booked_Job_3 -->
        <test-method signature="Booked_Job_4(java.lang.String, java.lang.String, java.lang.String, java.lang.String, java.lang.String, java.lang.String, java.lang.String, java.lang.String)[pri:6, instance:com.webop.testcases.Booking_flow_testcases_1_20@50378a4]" started-at="2022-07-02T21:33:44 PKT" name="Booked_Job_4" finished-at="2022-07-02T21:33:44 PKT" duration-ms="0" status="SKIP">
          <exception class="org.openqa.selenium.SessionNotCreatedException">
            <message>
              <![CDATA[session not created: This version of ChromeDriver only supports Chrome version 95
Current browser version is 103.0.5060.66 with binary path C:\Program Files (x86)\Google\Chrome\Application\chrome.exe
Build info: version: '3.141.59', revision: 'e82be7d358', time: '2018-11-14T08:17:03'
System info: host: 'DESKTOP-34EGUV4', ip: '192.168.10.9', os.name: 'Windows 10', os.arch: 'amd64', os.version: '10.0', java.version: '16.0.1'
Driver info: driver.version: ChromeDriver
remote stacktrace: Backtrace:
Ordinal0 [0x00D40C43+2493507]
Ordinal0 [0x00CDA4B1+2073777]
Ordinal0 [0x00BE2608+1058312]
Ordinal0 [0x00C00771+1181553]
Ordinal0 [0x00BFC57B+1164667]
Ordinal0 [0x00BF9DCF+1154511]
Ordinal0 [0x00C29F0F+1351439]
Ordinal0 [0x00C29B7A+1350522]
Ordinal0 [0x00C2580B+1333259]
Ordinal0 [0x00C02314+1188628]
Ordinal0 [0x00C0316F+1192303]
GetHandleVerifier [0x00EC7BF6+1548950]
GetHandleVerifier [0x00F7461C+2256060]
GetHandleVerifier [0x00DCC13B+518107]
GetHandleVerifier [0x00DCB1E0+514176]
Ordinal0 [0x00CDF53D+2094397]
Ordinal0 [0x00CE3418+2110488]
Ordinal0 [0x00CE3552+2110802]
Ordinal0 [0x00CECE81+2150017]
BaseThreadInitThunk [0x7699FA29+25]
RtlGetAppContainerNamedObjectPath [0x77AF7A9E+286]
RtlGetAppContainerNamedObjectPath [0x77AF7A6E+238]
]]>
            </message>
            <full-stacktrace>
              <![CDATA[org.openqa.selenium.SessionNotCreatedException: session not created: This version of ChromeDriver only supports Chrome version 95
Current browser version is 103.0.5060.66 with binary path C:\Program Files (x86)\Google\Chrome\Application\chrome.exe
Build info: version: '3.141.59', revision: 'e82be7d358', time: '2018-11-14T08:17:03'
System info: host: 'DESKTOP-34EGUV4', ip: '192.168.10.9', os.name: 'Windows 10', os.arch: 'amd64', os.version: '10.0', java.version: '16.0.1'
Driver info: driver.version: ChromeDriver
remote stacktrace: Backtrace:
Ordinal0 [0x00D40C43+2493507]
Ordinal0 [0x00CDA4B1+2073777]
Ordinal0 [0x00BE2608+1058312]
Ordinal0 [0x00C00771+1181553]
Ordinal0 [0x00BFC57B+1164667]
Ordinal0 [0x00BF9DCF+1154511]
Ordinal0 [0x00C29F0F+1351439]
Ordinal0 [0x00C29B7A+1350522]
Ordinal0 [0x00C2580B+1333259]
Ordinal0 [0x00C02314+1188628]
Ordinal0 [0x00C0316F+1192303]
GetHandleVerifier [0x00EC7BF6+1548950]
GetHandleVerifier [0x00F7461C+2256060]
GetHandleVerifier [0x00DCC13B+518107]
GetHandleVerifier [0x00DCB1E0+514176]
Ordinal0 [0x00CDF53D+2094397]
Ordinal0 [0x00CE3418+2110488]
Ordinal0 [0x00CE3552+2110802]
Ordinal0 [0x00CECE81+2150017]
BaseThreadInitThunk [0x7699FA29+25]
RtlGetAppContainerNamedObjectPath [0x77AF7A9E+286]
RtlGetAppContainerNamedObjectPath [0x77AF7A6E+238]

at java.base/jdk.internal.reflect.NativeConstructorAccessorImpl.newInstance0(Native Method)
at java.base/jdk.internal.reflect.NativeConstructorAccessorImpl.newInstance(NativeConstructorAccessorImpl.java:78)
at java.base/jdk.internal.reflect.DelegatingConstructorAccessorImpl.newInstance(DelegatingConstructorAccessorImpl.java:45)
at java.base/java.lang.reflect.Constructor.newInstanceWithCaller(Constructor.java:499)
at java.base/java.lang.reflect.Constructor.newInstance(Constructor.java:480)
at org.openqa.selenium.remote.W3CHandshakeResponse.lambda$errorHandler$0(W3CHandshakeResponse.java:62)
at org.openqa.selenium.remote.HandshakeResponse.lambda$getResponseFunction$0(HandshakeResponse.java:30)
at org.openqa.selenium.remote.ProtocolHandshake.lambda$createSession$0(ProtocolHandshake.java:126)
at java.base/java.util.stream.ReferencePipeline$3$1.accept(ReferencePipeline.java:197)
at java.base/java.util.Spliterators$ArraySpliterator.tryAdvance(Spliterators.java:958)
at java.base/java.util.stream.ReferencePipeline.forEachWithCancel(ReferencePipeline.java:129)
at java.base/java.util.stream.AbstractPipeline.copyIntoWithCancel(AbstractPipeline.java:502)
at java.base/java.util.stream.AbstractPipeline.copyInto(AbstractPipeline.java:488)
at java.base/java.util.stream.AbstractPipeline.wrapAndCopyInto(AbstractPipeline.java:474)
at java.base/java.util.stream.FindOps$FindOp.evaluateSequential(FindOps.java:150)
at java.base/java.util.stream.AbstractPipeline.evaluate(AbstractPipeline.java:234)
at java.base/java.util.stream.ReferencePipeline.findFirst(ReferencePipeline.java:647)
at org.openqa.selenium.remote.ProtocolHandshake.createSession(ProtocolHandshake.java:128)
at org.openqa.selenium.remote.ProtocolHandshake.createSession(ProtocolHandshake.java:74)
at org.openqa.selenium.remote.HttpCommandExecutor.execute(HttpCommandExecutor.java:136)
at org.openqa.selenium.remote.service.DriverCommandExecutor.execute(DriverCommandExecutor.java:83)
at org.openqa.selenium.remote.RemoteWebDriver.execute(RemoteWebDriver.java:552)
at org.openqa.selenium.remote.RemoteWebDriver.startSession(RemoteWebDriver.java:213)
at org.openqa.selenium.remote.RemoteWebDriver.<init>(RemoteWebDriver.java:131)
at org.openqa.selenium.chrome.ChromeDriver.<init>(ChromeDriver.java:181)
at org.openqa.selenium.chrome.ChromeDriver.<init>(ChromeDriver.java:168)
at org.openqa.selenium.chrome.ChromeDriver.<init>(ChromeDriver.java:157)
at com.webop.common.BrowsersFactory.startBrowser(BrowsersFactory.java:40)
at java.base/jdk.internal.reflect.NativeMethodAccessorImpl.invoke0(Native Method)
at java.base/jdk.internal.reflect.NativeMethodAccessorImpl.invoke(NativeMethodAccessorImpl.java:78)
at java.base/jdk.internal.reflect.DelegatingMethodAccessorImpl.invoke(DelegatingMethodAccessorImpl.java:43)
at java.base/java.lang.reflect.Method.invoke(Method.java:567)
at org.testng.internal.MethodInvocationHelper.invokeMethod(MethodInvocationHelper.java:133)
at org.testng.internal.MethodInvocationHelper.invokeMethodConsideringTimeout(MethodInvocationHelper.java:62)
at org.testng.internal.ConfigInvoker.invokeConfigurationMethod(ConfigInvoker.java:340)
at org.testng.internal.ConfigInvoker.invokeConfigurations(ConfigInvoker.java:294)
at org.testng.TestRunner.invokeTestConfigurations(TestRunner.java:623)
at org.testng.TestRunner.beforeRun(TestRunner.java:613)
at org.testng.TestRunner.run(TestRunner.java:584)
at org.testng.SuiteRunner.runTest(SuiteRunner.java:402)
at org.testng.SuiteRunner.runSequentially(SuiteRunner.java:396)
at org.testng.SuiteRunner.privateRun(SuiteRunner.java:355)
at org.testng.SuiteRunner.run(SuiteRunner.java:304)
at org.testng.SuiteRunnerWorker.runSuite(SuiteRunnerWorker.java:53)
at org.testng.SuiteRunnerWorker.run(SuiteRunnerWorker.java:96)
at org.testng.TestNG.runSuitesSequentially(TestNG.java:1180)
at org.testng.TestNG.runSuitesLocally(TestNG.java:1102)
at org.testng.TestNG.runSuites(TestNG.java:1032)
at org.testng.TestNG.run(TestNG.java:1000)
at org.testng.remote.AbstractRemoteTestNG.run(AbstractRemoteTestNG.java:115)
at org.testng.remote.RemoteTestNG.initAndRun(RemoteTestNG.java:251)
at org.testng.remote.RemoteTestNG.main(RemoteTestNG.java:77)
]]>
            </full-stacktrace>
          </exception> <!-- org.openqa.selenium.SessionNotCreatedException -->
          <reporter-output>
          </reporter-output>
        </test-method> <!-- Booked_Job_4 -->
        <test-method signature="Booked_Job_5(java.lang.String, java.lang.String, java.lang.String, java.lang.String, java.lang.String, java.lang.String, java.lang.String, java.lang.String, java.lang.String, java.lang.String, java.lang.String, java.lang.String)[pri:7, instance:com.webop.testcases.Booking_flow_testcases_1_20@50378a4]" started-at="2022-07-02T21:33:44 PKT" name="Booked_Job_5" finished-at="2022-07-02T21:33:44 PKT" duration-ms="0" status="SKIP">
          <exception class="org.openqa.selenium.SessionNotCreatedException">
            <message>
              <![CDATA[session not created: This version of ChromeDriver only supports Chrome version 95
Current browser version is 103.0.5060.66 with binary path C:\Program Files (x86)\Google\Chrome\Application\chrome.exe
Build info: version: '3.141.59', revision: 'e82be7d358', time: '2018-11-14T08:17:03'
System info: host: 'DESKTOP-34EGUV4', ip: '192.168.10.9', os.name: 'Windows 10', os.arch: 'amd64', os.version: '10.0', java.version: '16.0.1'
Driver info: driver.version: ChromeDriver
remote stacktrace: Backtrace:
Ordinal0 [0x00D40C43+2493507]
Ordinal0 [0x00CDA4B1+2073777]
Ordinal0 [0x00BE2608+1058312]
Ordinal0 [0x00C00771+1181553]
Ordinal0 [0x00BFC57B+1164667]
Ordinal0 [0x00BF9DCF+1154511]
Ordinal0 [0x00C29F0F+1351439]
Ordinal0 [0x00C29B7A+1350522]
Ordinal0 [0x00C2580B+1333259]
Ordinal0 [0x00C02314+1188628]
Ordinal0 [0x00C0316F+1192303]
GetHandleVerifier [0x00EC7BF6+1548950]
GetHandleVerifier [0x00F7461C+2256060]
GetHandleVerifier [0x00DCC13B+518107]
GetHandleVerifier [0x00DCB1E0+514176]
Ordinal0 [0x00CDF53D+2094397]
Ordinal0 [0x00CE3418+2110488]
Ordinal0 [0x00CE3552+2110802]
Ordinal0 [0x00CECE81+2150017]
BaseThreadInitThunk [0x7699FA29+25]
RtlGetAppContainerNamedObjectPath [0x77AF7A9E+286]
RtlGetAppContainerNamedObjectPath [0x77AF7A6E+238]
]]>
            </message>
            <full-stacktrace>
              <![CDATA[org.openqa.selenium.SessionNotCreatedException: session not created: This version of ChromeDriver only supports Chrome version 95
Current browser version is 103.0.5060.66 with binary path C:\Program Files (x86)\Google\Chrome\Application\chrome.exe
Build info: version: '3.141.59', revision: 'e82be7d358', time: '2018-11-14T08:17:03'
System info: host: 'DESKTOP-34EGUV4', ip: '192.168.10.9', os.name: 'Windows 10', os.arch: 'amd64', os.version: '10.0', java.version: '16.0.1'
Driver info: driver.version: ChromeDriver
remote stacktrace: Backtrace:
Ordinal0 [0x00D40C43+2493507]
Ordinal0 [0x00CDA4B1+2073777]
Ordinal0 [0x00BE2608+1058312]
Ordinal0 [0x00C00771+1181553]
Ordinal0 [0x00BFC57B+1164667]
Ordinal0 [0x00BF9DCF+1154511]
Ordinal0 [0x00C29F0F+1351439]
Ordinal0 [0x00C29B7A+1350522]
Ordinal0 [0x00C2580B+1333259]
Ordinal0 [0x00C02314+1188628]
Ordinal0 [0x00C0316F+1192303]
GetHandleVerifier [0x00EC7BF6+1548950]
GetHandleVerifier [0x00F7461C+2256060]
GetHandleVerifier [0x00DCC13B+518107]
GetHandleVerifier [0x00DCB1E0+514176]
Ordinal0 [0x00CDF53D+2094397]
Ordinal0 [0x00CE3418+2110488]
Ordinal0 [0x00CE3552+2110802]
Ordinal0 [0x00CECE81+2150017]
BaseThreadInitThunk [0x7699FA29+25]
RtlGetAppContainerNamedObjectPath [0x77AF7A9E+286]
RtlGetAppContainerNamedObjectPath [0x77AF7A6E+238]

at java.base/jdk.internal.reflect.NativeConstructorAccessorImpl.newInstance0(Native Method)
at java.base/jdk.internal.reflect.NativeConstructorAccessorImpl.newInstance(NativeConstructorAccessorImpl.java:78)
at java.base/jdk.internal.reflect.DelegatingConstructorAccessorImpl.newInstance(DelegatingConstructorAccessorImpl.java:45)
at java.base/java.lang.reflect.Constructor.newInstanceWithCaller(Constructor.java:499)
at java.base/java.lang.reflect.Constructor.newInstance(Constructor.java:480)
at org.openqa.selenium.remote.W3CHandshakeResponse.lambda$errorHandler$0(W3CHandshakeResponse.java:62)
at org.openqa.selenium.remote.HandshakeResponse.lambda$getResponseFunction$0(HandshakeResponse.java:30)
at org.openqa.selenium.remote.ProtocolHandshake.lambda$createSession$0(ProtocolHandshake.java:126)
at java.base/java.util.stream.ReferencePipeline$3$1.accept(ReferencePipeline.java:197)
at java.base/java.util.Spliterators$ArraySpliterator.tryAdvance(Spliterators.java:958)
at java.base/java.util.stream.ReferencePipeline.forEachWithCancel(ReferencePipeline.java:129)
at java.base/java.util.stream.AbstractPipeline.copyIntoWithCancel(AbstractPipeline.java:502)
at java.base/java.util.stream.AbstractPipeline.copyInto(AbstractPipeline.java:488)
at java.base/java.util.stream.AbstractPipeline.wrapAndCopyInto(AbstractPipeline.java:474)
at java.base/java.util.stream.FindOps$FindOp.evaluateSequential(FindOps.java:150)
at java.base/java.util.stream.AbstractPipeline.evaluate(AbstractPipeline.java:234)
at java.base/java.util.stream.ReferencePipeline.findFirst(ReferencePipeline.java:647)
at org.openqa.selenium.remote.ProtocolHandshake.createSession(ProtocolHandshake.java:128)
at org.openqa.selenium.remote.ProtocolHandshake.createSession(ProtocolHandshake.java:74)
at org.openqa.selenium.remote.HttpCommandExecutor.execute(HttpCommandExecutor.java:136)
at org.openqa.selenium.remote.service.DriverCommandExecutor.execute(DriverCommandExecutor.java:83)
at org.openqa.selenium.remote.RemoteWebDriver.execute(RemoteWebDriver.java:552)
at org.openqa.selenium.remote.RemoteWebDriver.startSession(RemoteWebDriver.java:213)
at org.openqa.selenium.remote.RemoteWebDriver.<init>(RemoteWebDriver.java:131)
at org.openqa.selenium.chrome.ChromeDriver.<init>(ChromeDriver.java:181)
at org.openqa.selenium.chrome.ChromeDriver.<init>(ChromeDriver.java:168)
at org.openqa.selenium.chrome.ChromeDriver.<init>(ChromeDriver.java:157)
at com.webop.common.BrowsersFactory.startBrowser(BrowsersFactory.java:40)
at java.base/jdk.internal.reflect.NativeMethodAccessorImpl.invoke0(Native Method)
at java.base/jdk.internal.reflect.NativeMethodAccessorImpl.invoke(NativeMethodAccessorImpl.java:78)
at java.base/jdk.internal.reflect.DelegatingMethodAccessorImpl.invoke(DelegatingMethodAccessorImpl.java:43)
at java.base/java.lang.reflect.Method.invoke(Method.java:567)
at org.testng.internal.MethodInvocationHelper.invokeMethod(MethodInvocationHelper.java:133)
at org.testng.internal.MethodInvocationHelper.invokeMethodConsideringTimeout(MethodInvocationHelper.java:62)
at org.testng.internal.ConfigInvoker.invokeConfigurationMethod(ConfigInvoker.java:340)
at org.testng.internal.ConfigInvoker.invokeConfigurations(ConfigInvoker.java:294)
at org.testng.TestRunner.invokeTestConfigurations(TestRunner.java:623)
at org.testng.TestRunner.beforeRun(TestRunner.java:613)
at org.testng.TestRunner.run(TestRunner.java:584)
at org.testng.SuiteRunner.runTest(SuiteRunner.java:402)
at org.testng.SuiteRunner.runSequentially(SuiteRunner.java:396)
at org.testng.SuiteRunner.privateRun(SuiteRunner.java:355)
at org.testng.SuiteRunner.run(SuiteRunner.java:304)
at org.testng.SuiteRunnerWorker.runSuite(SuiteRunnerWorker.java:53)
at org.testng.SuiteRunnerWorker.run(SuiteRunnerWorker.java:96)
at org.testng.TestNG.runSuitesSequentially(TestNG.java:1180)
at org.testng.TestNG.runSuitesLocally(TestNG.java:1102)
at org.testng.TestNG.runSuites(TestNG.java:1032)
at org.testng.TestNG.run(TestNG.java:1000)
at org.testng.remote.AbstractRemoteTestNG.run(AbstractRemoteTestNG.java:115)
at org.testng.remote.RemoteTestNG.initAndRun(RemoteTestNG.java:251)
at org.testng.remote.RemoteTestNG.main(RemoteTestNG.java:77)
]]>
            </full-stacktrace>
          </exception> <!-- org.openqa.selenium.SessionNotCreatedException -->
          <reporter-output>
          </reporter-output>
        </test-method> <!-- Booked_Job_5 -->
        <test-method signature="Booked_Job_6(java.lang.String, java.lang.String, java.lang.String, java.lang.String, java.lang.String, java.lang.String, java.lang.String, java.lang.String, java.lang.String, java.lang.String)[pri:8, instance:com.webop.testcases.Booking_flow_testcases_1_20@50378a4]" started-at="2022-07-02T21:33:44 PKT" name="Booked_Job_6" finished-at="2022-07-02T21:33:44 PKT" duration-ms="0" status="SKIP">
          <exception class="org.openqa.selenium.SessionNotCreatedException">
            <message>
              <![CDATA[session not created: This version of ChromeDriver only supports Chrome version 95
Current browser version is 103.0.5060.66 with binary path C:\Program Files (x86)\Google\Chrome\Application\chrome.exe
Build info: version: '3.141.59', revision: 'e82be7d358', time: '2018-11-14T08:17:03'
System info: host: 'DESKTOP-34EGUV4', ip: '192.168.10.9', os.name: 'Windows 10', os.arch: 'amd64', os.version: '10.0', java.version: '16.0.1'
Driver info: driver.version: ChromeDriver
remote stacktrace: Backtrace:
Ordinal0 [0x00D40C43+2493507]
Ordinal0 [0x00CDA4B1+2073777]
Ordinal0 [0x00BE2608+1058312]
Ordinal0 [0x00C00771+1181553]
Ordinal0 [0x00BFC57B+1164667]
Ordinal0 [0x00BF9DCF+1154511]
Ordinal0 [0x00C29F0F+1351439]
Ordinal0 [0x00C29B7A+1350522]
Ordinal0 [0x00C2580B+1333259]
Ordinal0 [0x00C02314+1188628]
Ordinal0 [0x00C0316F+1192303]
GetHandleVerifier [0x00EC7BF6+1548950]
GetHandleVerifier [0x00F7461C+2256060]
GetHandleVerifier [0x00DCC13B+518107]
GetHandleVerifier [0x00DCB1E0+514176]
Ordinal0 [0x00CDF53D+2094397]
Ordinal0 [0x00CE3418+2110488]
Ordinal0 [0x00CE3552+2110802]
Ordinal0 [0x00CECE81+2150017]
BaseThreadInitThunk [0x7699FA29+25]
RtlGetAppContainerNamedObjectPath [0x77AF7A9E+286]
RtlGetAppContainerNamedObjectPath [0x77AF7A6E+238]
]]>
            </message>
            <full-stacktrace>
              <![CDATA[org.openqa.selenium.SessionNotCreatedException: session not created: This version of ChromeDriver only supports Chrome version 95
Current browser version is 103.0.5060.66 with binary path C:\Program Files (x86)\Google\Chrome\Application\chrome.exe
Build info: version: '3.141.59', revision: 'e82be7d358', time: '2018-11-14T08:17:03'
System info: host: 'DESKTOP-34EGUV4', ip: '192.168.10.9', os.name: 'Windows 10', os.arch: 'amd64', os.version: '10.0', java.version: '16.0.1'
Driver info: driver.version: ChromeDriver
remote stacktrace: Backtrace:
Ordinal0 [0x00D40C43+2493507]
Ordinal0 [0x00CDA4B1+2073777]
Ordinal0 [0x00BE2608+1058312]
Ordinal0 [0x00C00771+1181553]
Ordinal0 [0x00BFC57B+1164667]
Ordinal0 [0x00BF9DCF+1154511]
Ordinal0 [0x00C29F0F+1351439]
Ordinal0 [0x00C29B7A+1350522]
Ordinal0 [0x00C2580B+1333259]
Ordinal0 [0x00C02314+1188628]
Ordinal0 [0x00C0316F+1192303]
GetHandleVerifier [0x00EC7BF6+1548950]
GetHandleVerifier [0x00F7461C+2256060]
GetHandleVerifier [0x00DCC13B+518107]
GetHandleVerifier [0x00DCB1E0+514176]
Ordinal0 [0x00CDF53D+2094397]
Ordinal0 [0x00CE3418+2110488]
Ordinal0 [0x00CE3552+2110802]
Ordinal0 [0x00CECE81+2150017]
BaseThreadInitThunk [0x7699FA29+25]
RtlGetAppContainerNamedObjectPath [0x77AF7A9E+286]
RtlGetAppContainerNamedObjectPath [0x77AF7A6E+238]

at java.base/jdk.internal.reflect.NativeConstructorAccessorImpl.newInstance0(Native Method)
at java.base/jdk.internal.reflect.NativeConstructorAccessorImpl.newInstance(NativeConstructorAccessorImpl.java:78)
at java.base/jdk.internal.reflect.DelegatingConstructorAccessorImpl.newInstance(DelegatingConstructorAccessorImpl.java:45)
at java.base/java.lang.reflect.Constructor.newInstanceWithCaller(Constructor.java:499)
at java.base/java.lang.reflect.Constructor.newInstance(Constructor.java:480)
at org.openqa.selenium.remote.W3CHandshakeResponse.lambda$errorHandler$0(W3CHandshakeResponse.java:62)
at org.openqa.selenium.remote.HandshakeResponse.lambda$getResponseFunction$0(HandshakeResponse.java:30)
at org.openqa.selenium.remote.ProtocolHandshake.lambda$createSession$0(ProtocolHandshake.java:126)
at java.base/java.util.stream.ReferencePipeline$3$1.accept(ReferencePipeline.java:197)
at java.base/java.util.Spliterators$ArraySpliterator.tryAdvance(Spliterators.java:958)
at java.base/java.util.stream.ReferencePipeline.forEachWithCancel(ReferencePipeline.java:129)
at java.base/java.util.stream.AbstractPipeline.copyIntoWithCancel(AbstractPipeline.java:502)
at java.base/java.util.stream.AbstractPipeline.copyInto(AbstractPipeline.java:488)
at java.base/java.util.stream.AbstractPipeline.wrapAndCopyInto(AbstractPipeline.java:474)
at java.base/java.util.stream.FindOps$FindOp.evaluateSequential(FindOps.java:150)
at java.base/java.util.stream.AbstractPipeline.evaluate(AbstractPipeline.java:234)
at java.base/java.util.stream.ReferencePipeline.findFirst(ReferencePipeline.java:647)
at org.openqa.selenium.remote.ProtocolHandshake.createSession(ProtocolHandshake.java:128)
at org.openqa.selenium.remote.ProtocolHandshake.createSession(ProtocolHandshake.java:74)
at org.openqa.selenium.remote.HttpCommandExecutor.execute(HttpCommandExecutor.java:136)
at org.openqa.selenium.remote.service.DriverCommandExecutor.execute(DriverCommandExecutor.java:83)
at org.openqa.selenium.remote.RemoteWebDriver.execute(RemoteWebDriver.java:552)
at org.openqa.selenium.remote.RemoteWebDriver.startSession(RemoteWebDriver.java:213)
at org.openqa.selenium.remote.RemoteWebDriver.<init>(RemoteWebDriver.java:131)
at org.openqa.selenium.chrome.ChromeDriver.<init>(ChromeDriver.java:181)
at org.openqa.selenium.chrome.ChromeDriver.<init>(ChromeDriver.java:168)
at org.openqa.selenium.chrome.ChromeDriver.<init>(ChromeDriver.java:157)
at com.webop.common.BrowsersFactory.startBrowser(BrowsersFactory.java:40)
at java.base/jdk.internal.reflect.NativeMethodAccessorImpl.invoke0(Native Method)
at java.base/jdk.internal.reflect.NativeMethodAccessorImpl.invoke(NativeMethodAccessorImpl.java:78)
at java.base/jdk.internal.reflect.DelegatingMethodAccessorImpl.invoke(DelegatingMethodAccessorImpl.java:43)
at java.base/java.lang.reflect.Method.invoke(Method.java:567)
at org.testng.internal.MethodInvocationHelper.invokeMethod(MethodInvocationHelper.java:133)
at org.testng.internal.MethodInvocationHelper.invokeMethodConsideringTimeout(MethodInvocationHelper.java:62)
at org.testng.internal.ConfigInvoker.invokeConfigurationMethod(ConfigInvoker.java:340)
at org.testng.internal.ConfigInvoker.invokeConfigurations(ConfigInvoker.java:294)
at org.testng.TestRunner.invokeTestConfigurations(TestRunner.java:623)
at org.testng.TestRunner.beforeRun(TestRunner.java:613)
at org.testng.TestRunner.run(TestRunner.java:584)
at org.testng.SuiteRunner.runTest(SuiteRunner.java:402)
at org.testng.SuiteRunner.runSequentially(SuiteRunner.java:396)
at org.testng.SuiteRunner.privateRun(SuiteRunner.java:355)
at org.testng.SuiteRunner.run(SuiteRunner.java:304)
at org.testng.SuiteRunnerWorker.runSuite(SuiteRunnerWorker.java:53)
at org.testng.SuiteRunnerWorker.run(SuiteRunnerWorker.java:96)
at org.testng.TestNG.runSuitesSequentially(TestNG.java:1180)
at org.testng.TestNG.runSuitesLocally(TestNG.java:1102)
at org.testng.TestNG.runSuites(TestNG.java:1032)
at org.testng.TestNG.run(TestNG.java:1000)
at org.testng.remote.AbstractRemoteTestNG.run(AbstractRemoteTestNG.java:115)
at org.testng.remote.RemoteTestNG.initAndRun(RemoteTestNG.java:251)
at org.testng.remote.RemoteTestNG.main(RemoteTestNG.java:77)
]]>
            </full-stacktrace>
          </exception> <!-- org.openqa.selenium.SessionNotCreatedException -->
          <reporter-output>
          </reporter-output>
        </test-method> <!-- Booked_Job_6 -->
        <test-method signature="Booked_Job_7(java.lang.String, java.lang.String, java.lang.String, java.lang.String, java.lang.String, java.lang.String, java.lang.String, java.lang.String, java.lang.String, java.lang.String)[pri:9, instance:com.webop.testcases.Booking_flow_testcases_1_20@50378a4]" started-at="2022-07-02T21:33:44 PKT" name="Booked_Job_7" finished-at="2022-07-02T21:33:44 PKT" duration-ms="0" status="SKIP">
          <exception class="org.openqa.selenium.SessionNotCreatedException">
            <message>
              <![CDATA[session not created: This version of ChromeDriver only supports Chrome version 95
Current browser version is 103.0.5060.66 with binary path C:\Program Files (x86)\Google\Chrome\Application\chrome.exe
Build info: version: '3.141.59', revision: 'e82be7d358', time: '2018-11-14T08:17:03'
System info: host: 'DESKTOP-34EGUV4', ip: '192.168.10.9', os.name: 'Windows 10', os.arch: 'amd64', os.version: '10.0', java.version: '16.0.1'
Driver info: driver.version: ChromeDriver
remote stacktrace: Backtrace:
Ordinal0 [0x00D40C43+2493507]
Ordinal0 [0x00CDA4B1+2073777]
Ordinal0 [0x00BE2608+1058312]
Ordinal0 [0x00C00771+1181553]
Ordinal0 [0x00BFC57B+1164667]
Ordinal0 [0x00BF9DCF+1154511]
Ordinal0 [0x00C29F0F+1351439]
Ordinal0 [0x00C29B7A+1350522]
Ordinal0 [0x00C2580B+1333259]
Ordinal0 [0x00C02314+1188628]
Ordinal0 [0x00C0316F+1192303]
GetHandleVerifier [0x00EC7BF6+1548950]
GetHandleVerifier [0x00F7461C+2256060]
GetHandleVerifier [0x00DCC13B+518107]
GetHandleVerifier [0x00DCB1E0+514176]
Ordinal0 [0x00CDF53D+2094397]
Ordinal0 [0x00CE3418+2110488]
Ordinal0 [0x00CE3552+2110802]
Ordinal0 [0x00CECE81+2150017]
BaseThreadInitThunk [0x7699FA29+25]
RtlGetAppContainerNamedObjectPath [0x77AF7A9E+286]
RtlGetAppContainerNamedObjectPath [0x77AF7A6E+238]
]]>
            </message>
            <full-stacktrace>
              <![CDATA[org.openqa.selenium.SessionNotCreatedException: session not created: This version of ChromeDriver only supports Chrome version 95
Current browser version is 103.0.5060.66 with binary path C:\Program Files (x86)\Google\Chrome\Application\chrome.exe
Build info: version: '3.141.59', revision: 'e82be7d358', time: '2018-11-14T08:17:03'
System info: host: 'DESKTOP-34EGUV4', ip: '192.168.10.9', os.name: 'Windows 10', os.arch: 'amd64', os.version: '10.0', java.version: '16.0.1'
Driver info: driver.version: ChromeDriver
remote stacktrace: Backtrace:
Ordinal0 [0x00D40C43+2493507]
Ordinal0 [0x00CDA4B1+2073777]
Ordinal0 [0x00BE2608+1058312]
Ordinal0 [0x00C00771+1181553]
Ordinal0 [0x00BFC57B+1164667]
Ordinal0 [0x00BF9DCF+1154511]
Ordinal0 [0x00C29F0F+1351439]
Ordinal0 [0x00C29B7A+1350522]
Ordinal0 [0x00C2580B+1333259]
Ordinal0 [0x00C02314+1188628]
Ordinal0 [0x00C0316F+1192303]
GetHandleVerifier [0x00EC7BF6+1548950]
GetHandleVerifier [0x00F7461C+2256060]
GetHandleVerifier [0x00DCC13B+518107]
GetHandleVerifier [0x00DCB1E0+514176]
Ordinal0 [0x00CDF53D+2094397]
Ordinal0 [0x00CE3418+2110488]
Ordinal0 [0x00CE3552+2110802]
Ordinal0 [0x00CECE81+2150017]
BaseThreadInitThunk [0x7699FA29+25]
RtlGetAppContainerNamedObjectPath [0x77AF7A9E+286]
RtlGetAppContainerNamedObjectPath [0x77AF7A6E+238]

at java.base/jdk.internal.reflect.NativeConstructorAccessorImpl.newInstance0(Native Method)
at java.base/jdk.internal.reflect.NativeConstructorAccessorImpl.newInstance(NativeConstructorAccessorImpl.java:78)
at java.base/jdk.internal.reflect.DelegatingConstructorAccessorImpl.newInstance(DelegatingConstructorAccessorImpl.java:45)
at java.base/java.lang.reflect.Constructor.newInstanceWithCaller(Constructor.java:499)
at java.base/java.lang.reflect.Constructor.newInstance(Constructor.java:480)
at org.openqa.selenium.remote.W3CHandshakeResponse.lambda$errorHandler$0(W3CHandshakeResponse.java:62)
at org.openqa.selenium.remote.HandshakeResponse.lambda$getResponseFunction$0(HandshakeResponse.java:30)
at org.openqa.selenium.remote.ProtocolHandshake.lambda$createSession$0(ProtocolHandshake.java:126)
at java.base/java.util.stream.ReferencePipeline$3$1.accept(ReferencePipeline.java:197)
at java.base/java.util.Spliterators$ArraySpliterator.tryAdvance(Spliterators.java:958)
at java.base/java.util.stream.ReferencePipeline.forEachWithCancel(ReferencePipeline.java:129)
at java.base/java.util.stream.AbstractPipeline.copyIntoWithCancel(AbstractPipeline.java:502)
at java.base/java.util.stream.AbstractPipeline.copyInto(AbstractPipeline.java:488)
at java.base/java.util.stream.AbstractPipeline.wrapAndCopyInto(AbstractPipeline.java:474)
at java.base/java.util.stream.FindOps$FindOp.evaluateSequential(FindOps.java:150)
at java.base/java.util.stream.AbstractPipeline.evaluate(AbstractPipeline.java:234)
at java.base/java.util.stream.ReferencePipeline.findFirst(ReferencePipeline.java:647)
at org.openqa.selenium.remote.ProtocolHandshake.createSession(ProtocolHandshake.java:128)
at org.openqa.selenium.remote.ProtocolHandshake.createSession(ProtocolHandshake.java:74)
at org.openqa.selenium.remote.HttpCommandExecutor.execute(HttpCommandExecutor.java:136)
at org.openqa.selenium.remote.service.DriverCommandExecutor.execute(DriverCommandExecutor.java:83)
at org.openqa.selenium.remote.RemoteWebDriver.execute(RemoteWebDriver.java:552)
at org.openqa.selenium.remote.RemoteWebDriver.startSession(RemoteWebDriver.java:213)
at org.openqa.selenium.remote.RemoteWebDriver.<init>(RemoteWebDriver.java:131)
at org.openqa.selenium.chrome.ChromeDriver.<init>(ChromeDriver.java:181)
at org.openqa.selenium.chrome.ChromeDriver.<init>(ChromeDriver.java:168)
at org.openqa.selenium.chrome.ChromeDriver.<init>(ChromeDriver.java:157)
at com.webop.common.BrowsersFactory.startBrowser(BrowsersFactory.java:40)
at java.base/jdk.internal.reflect.NativeMethodAccessorImpl.invoke0(Native Method)
at java.base/jdk.internal.reflect.NativeMethodAccessorImpl.invoke(NativeMethodAccessorImpl.java:78)
at java.base/jdk.internal.reflect.DelegatingMethodAccessorImpl.invoke(DelegatingMethodAccessorImpl.java:43)
at java.base/java.lang.reflect.Method.invoke(Method.java:567)
at org.testng.internal.MethodInvocationHelper.invokeMethod(MethodInvocationHelper.java:133)
at org.testng.internal.MethodInvocationHelper.invokeMethodConsideringTimeout(MethodInvocationHelper.java:62)
at org.testng.internal.ConfigInvoker.invokeConfigurationMethod(ConfigInvoker.java:340)
at org.testng.internal.ConfigInvoker.invokeConfigurations(ConfigInvoker.java:294)
at org.testng.TestRunner.invokeTestConfigurations(TestRunner.java:623)
at org.testng.TestRunner.beforeRun(TestRunner.java:613)
at org.testng.TestRunner.run(TestRunner.java:584)
at org.testng.SuiteRunner.runTest(SuiteRunner.java:402)
at org.testng.SuiteRunner.runSequentially(SuiteRunner.java:396)
at org.testng.SuiteRunner.privateRun(SuiteRunner.java:355)
at org.testng.SuiteRunner.run(SuiteRunner.java:304)
at org.testng.SuiteRunnerWorker.runSuite(SuiteRunnerWorker.java:53)
at org.testng.SuiteRunnerWorker.run(SuiteRunnerWorker.java:96)
at org.testng.TestNG.runSuitesSequentially(TestNG.java:1180)
at org.testng.TestNG.runSuitesLocally(TestNG.java:1102)
at org.testng.TestNG.runSuites(TestNG.java:1032)
at org.testng.TestNG.run(TestNG.java:1000)
at org.testng.remote.AbstractRemoteTestNG.run(AbstractRemoteTestNG.java:115)
at org.testng.remote.RemoteTestNG.initAndRun(RemoteTestNG.java:251)
at org.testng.remote.RemoteTestNG.main(RemoteTestNG.java:77)
]]>
            </full-stacktrace>
          </exception> <!-- org.openqa.selenium.SessionNotCreatedException -->
          <reporter-output>
          </reporter-output>
        </test-method> <!-- Booked_Job_7 -->
        <test-method signature="Booked_Job_8(java.lang.String, java.lang.String, java.lang.String, java.lang.String, java.lang.String, java.lang.String, java.lang.String, java.lang.String, java.lang.String, java.lang.String)[pri:10, instance:com.webop.testcases.Booking_flow_testcases_1_20@50378a4]" started-at="2022-07-02T21:33:44 PKT" name="Booked_Job_8" finished-at="2022-07-02T21:33:44 PKT" duration-ms="0" status="SKIP">
          <exception class="org.openqa.selenium.SessionNotCreatedException">
            <message>
              <![CDATA[session not created: This version of ChromeDriver only supports Chrome version 95
Current browser version is 103.0.5060.66 with binary path C:\Program Files (x86)\Google\Chrome\Application\chrome.exe
Build info: version: '3.141.59', revision: 'e82be7d358', time: '2018-11-14T08:17:03'
System info: host: 'DESKTOP-34EGUV4', ip: '192.168.10.9', os.name: 'Windows 10', os.arch: 'amd64', os.version: '10.0', java.version: '16.0.1'
Driver info: driver.version: ChromeDriver
remote stacktrace: Backtrace:
Ordinal0 [0x00D40C43+2493507]
Ordinal0 [0x00CDA4B1+2073777]
Ordinal0 [0x00BE2608+1058312]
Ordinal0 [0x00C00771+1181553]
Ordinal0 [0x00BFC57B+1164667]
Ordinal0 [0x00BF9DCF+1154511]
Ordinal0 [0x00C29F0F+1351439]
Ordinal0 [0x00C29B7A+1350522]
Ordinal0 [0x00C2580B+1333259]
Ordinal0 [0x00C02314+1188628]
Ordinal0 [0x00C0316F+1192303]
GetHandleVerifier [0x00EC7BF6+1548950]
GetHandleVerifier [0x00F7461C+2256060]
GetHandleVerifier [0x00DCC13B+518107]
GetHandleVerifier [0x00DCB1E0+514176]
Ordinal0 [0x00CDF53D+2094397]
Ordinal0 [0x00CE3418+2110488]
Ordinal0 [0x00CE3552+2110802]
Ordinal0 [0x00CECE81+2150017]
BaseThreadInitThunk [0x7699FA29+25]
RtlGetAppContainerNamedObjectPath [0x77AF7A9E+286]
RtlGetAppContainerNamedObjectPath [0x77AF7A6E+238]
]]>
            </message>
            <full-stacktrace>
              <![CDATA[org.openqa.selenium.SessionNotCreatedException: session not created: This version of ChromeDriver only supports Chrome version 95
Current browser version is 103.0.5060.66 with binary path C:\Program Files (x86)\Google\Chrome\Application\chrome.exe
Build info: version: '3.141.59', revision: 'e82be7d358', time: '2018-11-14T08:17:03'
System info: host: 'DESKTOP-34EGUV4', ip: '192.168.10.9', os.name: 'Windows 10', os.arch: 'amd64', os.version: '10.0', java.version: '16.0.1'
Driver info: driver.version: ChromeDriver
remote stacktrace: Backtrace:
Ordinal0 [0x00D40C43+2493507]
Ordinal0 [0x00CDA4B1+2073777]
Ordinal0 [0x00BE2608+1058312]
Ordinal0 [0x00C00771+1181553]
Ordinal0 [0x00BFC57B+1164667]
Ordinal0 [0x00BF9DCF+1154511]
Ordinal0 [0x00C29F0F+1351439]
Ordinal0 [0x00C29B7A+1350522]
Ordinal0 [0x00C2580B+1333259]
Ordinal0 [0x00C02314+1188628]
Ordinal0 [0x00C0316F+1192303]
GetHandleVerifier [0x00EC7BF6+1548950]
GetHandleVerifier [0x00F7461C+2256060]
GetHandleVerifier [0x00DCC13B+518107]
GetHandleVerifier [0x00DCB1E0+514176]
Ordinal0 [0x00CDF53D+2094397]
Ordinal0 [0x00CE3418+2110488]
Ordinal0 [0x00CE3552+2110802]
Ordinal0 [0x00CECE81+2150017]
BaseThreadInitThunk [0x7699FA29+25]
RtlGetAppContainerNamedObjectPath [0x77AF7A9E+286]
RtlGetAppContainerNamedObjectPath [0x77AF7A6E+238]

at java.base/jdk.internal.reflect.NativeConstructorAccessorImpl.newInstance0(Native Method)
at java.base/jdk.internal.reflect.NativeConstructorAccessorImpl.newInstance(NativeConstructorAccessorImpl.java:78)
at java.base/jdk.internal.reflect.DelegatingConstructorAccessorImpl.newInstance(DelegatingConstructorAccessorImpl.java:45)
at java.base/java.lang.reflect.Constructor.newInstanceWithCaller(Constructor.java:499)
at java.base/java.lang.reflect.Constructor.newInstance(Constructor.java:480)
at org.openqa.selenium.remote.W3CHandshakeResponse.lambda$errorHandler$0(W3CHandshakeResponse.java:62)
at org.openqa.selenium.remote.HandshakeResponse.lambda$getResponseFunction$0(HandshakeResponse.java:30)
at org.openqa.selenium.remote.ProtocolHandshake.lambda$createSession$0(ProtocolHandshake.java:126)
at java.base/java.util.stream.ReferencePipeline$3$1.accept(ReferencePipeline.java:197)
at java.base/java.util.Spliterators$ArraySpliterator.tryAdvance(Spliterators.java:958)
at java.base/java.util.stream.ReferencePipeline.forEachWithCancel(ReferencePipeline.java:129)
at java.base/java.util.stream.AbstractPipeline.copyIntoWithCancel(AbstractPipeline.java:502)
at java.base/java.util.stream.AbstractPipeline.copyInto(AbstractPipeline.java:488)
at java.base/java.util.stream.AbstractPipeline.wrapAndCopyInto(AbstractPipeline.java:474)
at java.base/java.util.stream.FindOps$FindOp.evaluateSequential(FindOps.java:150)
at java.base/java.util.stream.AbstractPipeline.evaluate(AbstractPipeline.java:234)
at java.base/java.util.stream.ReferencePipeline.findFirst(ReferencePipeline.java:647)
at org.openqa.selenium.remote.ProtocolHandshake.createSession(ProtocolHandshake.java:128)
at org.openqa.selenium.remote.ProtocolHandshake.createSession(ProtocolHandshake.java:74)
at org.openqa.selenium.remote.HttpCommandExecutor.execute(HttpCommandExecutor.java:136)
at org.openqa.selenium.remote.service.DriverCommandExecutor.execute(DriverCommandExecutor.java:83)
at org.openqa.selenium.remote.RemoteWebDriver.execute(RemoteWebDriver.java:552)
at org.openqa.selenium.remote.RemoteWebDriver.startSession(RemoteWebDriver.java:213)
at org.openqa.selenium.remote.RemoteWebDriver.<init>(RemoteWebDriver.java:131)
at org.openqa.selenium.chrome.ChromeDriver.<init>(ChromeDriver.java:181)
at org.openqa.selenium.chrome.ChromeDriver.<init>(ChromeDriver.java:168)
at org.openqa.selenium.chrome.ChromeDriver.<init>(ChromeDriver.java:157)
at com.webop.common.BrowsersFactory.startBrowser(BrowsersFactory.java:40)
at java.base/jdk.internal.reflect.NativeMethodAccessorImpl.invoke0(Native Method)
at java.base/jdk.internal.reflect.NativeMethodAccessorImpl.invoke(NativeMethodAccessorImpl.java:78)
at java.base/jdk.internal.reflect.DelegatingMethodAccessorImpl.invoke(DelegatingMethodAccessorImpl.java:43)
at java.base/java.lang.reflect.Method.invoke(Method.java:567)
at org.testng.internal.MethodInvocationHelper.invokeMethod(MethodInvocationHelper.java:133)
at org.testng.internal.MethodInvocationHelper.invokeMethodConsideringTimeout(MethodInvocationHelper.java:62)
at org.testng.internal.ConfigInvoker.invokeConfigurationMethod(ConfigInvoker.java:340)
at org.testng.internal.ConfigInvoker.invokeConfigurations(ConfigInvoker.java:294)
at org.testng.TestRunner.invokeTestConfigurations(TestRunner.java:623)
at org.testng.TestRunner.beforeRun(TestRunner.java:613)
at org.testng.TestRunner.run(TestRunner.java:584)
at org.testng.SuiteRunner.runTest(SuiteRunner.java:402)
at org.testng.SuiteRunner.runSequentially(SuiteRunner.java:396)
at org.testng.SuiteRunner.privateRun(SuiteRunner.java:355)
at org.testng.SuiteRunner.run(SuiteRunner.java:304)
at org.testng.SuiteRunnerWorker.runSuite(SuiteRunnerWorker.java:53)
at org.testng.SuiteRunnerWorker.run(SuiteRunnerWorker.java:96)
at org.testng.TestNG.runSuitesSequentially(TestNG.java:1180)
at org.testng.TestNG.runSuitesLocally(TestNG.java:1102)
at org.testng.TestNG.runSuites(TestNG.java:1032)
at org.testng.TestNG.run(TestNG.java:1000)
at org.testng.remote.AbstractRemoteTestNG.run(AbstractRemoteTestNG.java:115)
at org.testng.remote.RemoteTestNG.initAndRun(RemoteTestNG.java:251)
at org.testng.remote.RemoteTestNG.main(RemoteTestNG.java:77)
]]>
            </full-stacktrace>
          </exception> <!-- org.openqa.selenium.SessionNotCreatedException -->
          <reporter-output>
          </reporter-output>
        </test-method> <!-- Booked_Job_8 -->
        <test-method signature="Booked_Job_9(java.lang.String, java.lang.String, java.lang.String, java.lang.String, java.lang.String, java.lang.String, java.lang.String, java.lang.String, java.lang.String)[pri:11, instance:com.webop.testcases.Booking_flow_testcases_1_20@50378a4]" started-at="2022-07-02T21:33:44 PKT" name="Booked_Job_9" finished-at="2022-07-02T21:33:44 PKT" duration-ms="0" status="SKIP">
          <exception class="org.openqa.selenium.SessionNotCreatedException">
            <message>
              <![CDATA[session not created: This version of ChromeDriver only supports Chrome version 95
Current browser version is 103.0.5060.66 with binary path C:\Program Files (x86)\Google\Chrome\Application\chrome.exe
Build info: version: '3.141.59', revision: 'e82be7d358', time: '2018-11-14T08:17:03'
System info: host: 'DESKTOP-34EGUV4', ip: '192.168.10.9', os.name: 'Windows 10', os.arch: 'amd64', os.version: '10.0', java.version: '16.0.1'
Driver info: driver.version: ChromeDriver
remote stacktrace: Backtrace:
Ordinal0 [0x00D40C43+2493507]
Ordinal0 [0x00CDA4B1+2073777]
Ordinal0 [0x00BE2608+1058312]
Ordinal0 [0x00C00771+1181553]
Ordinal0 [0x00BFC57B+1164667]
Ordinal0 [0x00BF9DCF+1154511]
Ordinal0 [0x00C29F0F+1351439]
Ordinal0 [0x00C29B7A+1350522]
Ordinal0 [0x00C2580B+1333259]
Ordinal0 [0x00C02314+1188628]
Ordinal0 [0x00C0316F+1192303]
GetHandleVerifier [0x00EC7BF6+1548950]
GetHandleVerifier [0x00F7461C+2256060]
GetHandleVerifier [0x00DCC13B+518107]
GetHandleVerifier [0x00DCB1E0+514176]
Ordinal0 [0x00CDF53D+2094397]
Ordinal0 [0x00CE3418+2110488]
Ordinal0 [0x00CE3552+2110802]
Ordinal0 [0x00CECE81+2150017]
BaseThreadInitThunk [0x7699FA29+25]
RtlGetAppContainerNamedObjectPath [0x77AF7A9E+286]
RtlGetAppContainerNamedObjectPath [0x77AF7A6E+238]
]]>
            </message>
            <full-stacktrace>
              <![CDATA[org.openqa.selenium.SessionNotCreatedException: session not created: This version of ChromeDriver only supports Chrome version 95
Current browser version is 103.0.5060.66 with binary path C:\Program Files (x86)\Google\Chrome\Application\chrome.exe
Build info: version: '3.141.59', revision: 'e82be7d358', time: '2018-11-14T08:17:03'
System info: host: 'DESKTOP-34EGUV4', ip: '192.168.10.9', os.name: 'Windows 10', os.arch: 'amd64', os.version: '10.0', java.version: '16.0.1'
Driver info: driver.version: ChromeDriver
remote stacktrace: Backtrace:
Ordinal0 [0x00D40C43+2493507]
Ordinal0 [0x00CDA4B1+2073777]
Ordinal0 [0x00BE2608+1058312]
Ordinal0 [0x00C00771+1181553]
Ordinal0 [0x00BFC57B+1164667]
Ordinal0 [0x00BF9DCF+1154511]
Ordinal0 [0x00C29F0F+1351439]
Ordinal0 [0x00C29B7A+1350522]
Ordinal0 [0x00C2580B+1333259]
Ordinal0 [0x00C02314+1188628]
Ordinal0 [0x00C0316F+1192303]
GetHandleVerifier [0x00EC7BF6+1548950]
GetHandleVerifier [0x00F7461C+2256060]
GetHandleVerifier [0x00DCC13B+518107]
GetHandleVerifier [0x00DCB1E0+514176]
Ordinal0 [0x00CDF53D+2094397]
Ordinal0 [0x00CE3418+2110488]
Ordinal0 [0x00CE3552+2110802]
Ordinal0 [0x00CECE81+2150017]
BaseThreadInitThunk [0x7699FA29+25]
RtlGetAppContainerNamedObjectPath [0x77AF7A9E+286]
RtlGetAppContainerNamedObjectPath [0x77AF7A6E+238]

at java.base/jdk.internal.reflect.NativeConstructorAccessorImpl.newInstance0(Native Method)
at java.base/jdk.internal.reflect.NativeConstructorAccessorImpl.newInstance(NativeConstructorAccessorImpl.java:78)
at java.base/jdk.internal.reflect.DelegatingConstructorAccessorImpl.newInstance(DelegatingConstructorAccessorImpl.java:45)
at java.base/java.lang.reflect.Constructor.newInstanceWithCaller(Constructor.java:499)
[...]
at java.base/java.lang.reflect.Constructor.newInstanceWithCaller(Constructor.java:499)
at java.base/java.lang.reflect.Constructor.newInstance(Constructor.java:480)
at org.openqa.selenium.remote.W3CHandshakeResponse.lambda$errorHandler$0(W3CHandshakeResponse.java:62)
at org.openqa.selenium.remote.HandshakeResponse.lambda$getResponseFunction$0(HandshakeResponse.java:30)
at org.openqa.selenium.remote.ProtocolHandshake.lambda$createSession$0(ProtocolHandshake.java:126)
at java.base/java.util.stream.ReferencePipeline$3$1.accept(ReferencePipeline.java:197)
at java.base/java.util.Spliterators$ArraySpliterator.tryAdvance(Spliterators.java:958)
at java.base/java.util.stream.ReferencePipeline.forEachWithCancel(ReferencePipeline.java:129)
at java.base/java.util.stream.AbstractPipeline.copyIntoWithCancel(AbstractPipeline.java:502)
at java.base/java.util.stream.AbstractPipeline.copyInto(AbstractPipeline.java:488)
at java.base/java.util.stream.AbstractPipeline.wrapAndCopyInto(AbstractPipeline.java:474)
at java.base/java.util.stream.FindOps$FindOp.evaluateSequential(FindOps.java:150)
at java.base/java.util.stream.AbstractPipeline.evaluate(AbstractPipeline.java:234)
at java.base/java.util.stream.ReferencePipeline.findFirst(ReferencePipeline.java:647)
at org.openqa.selenium.remote.ProtocolHandshake.createSession(ProtocolHandshake.java:128)
at org.openqa.selenium.remote.ProtocolHandshake.createSession(ProtocolHandshake.java:74)
at org.openqa.selenium.remote.HttpCommandExecutor.execute(HttpCommandExecutor.java:136)
at org.openqa.selenium.remote.service.DriverCommandExecutor.execute(DriverCommandExecutor.java:83)
at org.openqa.selenium.remote.RemoteWebDriver.execute(RemoteWebDriver.java:552)
at org.openqa.selenium.remote.RemoteWebDriver.startSession(RemoteWebDriver.java:213)
at org.openqa.selenium.remote.RemoteWebDriver.<init>(RemoteWebDriver.java:131)
at org.openqa.selenium.chrome.ChromeDriver.<init>(ChromeDriver.java:181)
at org.openqa.selenium.chrome.ChromeDriver.<init>(ChromeDriver.java:168)
at org.openqa.selenium.chrome.ChromeDriver.<init>(ChromeDriver.java:157)
at com.webop.common.BrowsersFactory.startBrowser(BrowsersFactory.java:40)
at java.base/jdk.internal.reflect.NativeMethodAccessorImpl.invoke0(Native Method)
at java.base/jdk.internal.reflect.NativeMethodAccessorImpl.invoke(NativeMethodAccessorImpl.java:78)
at java.base/jdk.internal.reflect.DelegatingMethodAccessorImpl.invoke(DelegatingMethodAccessorImpl.java:43)
at java.base/java.lang.reflect.Method.invoke(Method.java:567)
at org.testng.internal.MethodInvocationHelper.invokeMethod(MethodInvocationHelper.java:133)
at org.testng.internal.MethodInvocationHelper.invokeMethodConsideringTimeout(MethodInvocationHelper.java:62)
at org.testng.internal.ConfigInvoker.invokeConfigurationMethod(ConfigInvoker.java:340)
at org.testng.internal.ConfigInvoker.invokeConfigurations(ConfigInvoker.java:294)
at org.testng.TestRunner.invokeTestConfigurations(TestRunner.java:623)
at org.testng.TestRunner.beforeRun(TestRunner.java:613)
at org.testng.TestRunner.run(TestRunner.java:584)
at org.testng.SuiteRunner.runTest(SuiteRunner.java:402)
at org.testng.SuiteRunner.runSequentially(SuiteRunner.java:396)
at org.testng.SuiteRunner.privateRun(SuiteRunner.java:355)
at org.testng.SuiteRunner.run(SuiteRunner.java:304)
at org.testng.SuiteRunnerWorker.runSuite(SuiteRunnerWorker.java:53)
at org.testng.SuiteRunnerWorker.run(SuiteRunnerWorker.java:96)
at org.testng.TestNG.runSuitesSequentially(TestNG.java:1180)
at org.testng.TestNG.runSuitesLocally(TestNG.java:1102)
at org.testng.TestNG.runSuites(TestNG.java:1032)
at org.testng.TestNG.run(TestNG.java:1000)
at org.testng.remote.AbstractRemoteTestNG.run(AbstractRemoteTestNG.java:115)
at org.testng.remote.RemoteTestNG.initAndRun(RemoteTestNG.java:251)
at org.testng.remote.RemoteTestNG.main(RemoteTestNG.java:77)
]]>
            </full-stacktrace>
          </exception> <!-- org.openqa.selenium.SessionNotCreatedException -->
          <reporter-output>
          </reporter-output>
        </test-method> <!-- Booked_Job_19 -->
        <test-method signature="Booked_Job_20(java.lang.String, java.lang.String, java.lang.String, java.lang.String, java.lang.String, java.lang.String, java.lang.String, java.lang.String)[pri:22, instance:com.webop.testcases.Booking_flow_testcases_1_20@50378a4]" started-at="2022-07-02T21:33:45 PKT" name="Booked_Job_20" finished-at="2022-07-02T21:33:45 PKT" duration-ms="0" status="SKIP">
          <exception class="org.openqa.selenium.SessionNotCreatedException">
            <message>
              <![CDATA[session not created: This version of ChromeDriver only supports Chrome version 95
Current browser version is 103.0.5060.66 with binary path C:\Program Files (x86)\Google\Chrome\Application\chrome.exe
Build info: version: '3.141.59', revision: 'e82be7d358', time: '2018-11-14T08:17:03'
System info: host: 'DESKTOP-34EGUV4', ip: '192.168.10.9', os.name: 'Windows 10', os.arch: 'amd64', os.version: '10.0', java.version: '16.0.1'
Driver info: driver.version: ChromeDriver
remote stacktrace: Backtrace:
Ordinal0 [0x00D40C43+2493507]
Ordinal0 [0x00CDA4B1+2073777]
Ordinal0 [0x00BE2608+1058312]
Ordinal0 [0x00C00771+1181553]
Ordinal0 [0x00BFC57B+1164667]
Ordinal0 [0x00BF9DCF+1154511]
Ordinal0 [0x00C29F0F+1351439]
Ordinal0 [0x00C29B7A+1350522]
Ordinal0 [0x00C2580B+1333259]
Ordinal0 [0x00C02314+1188628]
Ordinal0 [0x00C0316F+1192303]
GetHandleVerifier [0x00EC7BF6+1548950]
GetHandleVerifier [0x00F7461C+2256060]
GetHandleVerifier [0x00DCC13B+518107]
GetHandleVerifier [0x00DCB1E0+514176]
Ordinal0 [0x00CDF53D+2094397]
Ordinal0 [0x00CE3418+2110488]
Ordinal0 [0x00CE3552+2110802]
Ordinal0 [0x00CECE81+2150017]
BaseThreadInitThunk [0x7699FA29+25]
RtlGetAppContainerNamedObjectPath [0x77AF7A9E+286]
RtlGetAppContainerNamedObjectPath [0x77AF7A6E+238]
]]>
            </message>
            <full-stacktrace>
              <![CDATA[org.openqa.selenium.SessionNotCreatedException: session not created: This version of ChromeDriver only supports Chrome version 95
Current browser version is 103.0.5060.66 with binary path C:\Program Files (x86)\Google\Chrome\Application\chrome.exe
Build info: version: '3.141.59', revision: 'e82be7d358', time: '2018-11-14T08:17:03'
System info: host: 'DESKTOP-34EGUV4', ip: '192.168.10.9', os.name: 'Windows 10', os.arch: 'amd64', os.version: '10.0', java.version: '16.0.1'
Driver info: driver.version: ChromeDriver
remote stacktrace: Backtrace:
Ordinal0 [0x00D40C43+2493507]
Ordinal0 [0x00CDA4B1+2073777]
Ordinal0 [0x00BE2608+1058312]
Ordinal0 [0x00C00771+1181553]
Ordinal0 [0x00BFC57B+1164667]
Ordinal0 [0x00BF9DCF+1154511]
Ordinal0 [0x00C29F0F+1351439]
Ordinal0 [0x00C29B7A+1350522]
Ordinal0 [0x00C2580B+1333259]
Ordinal0 [0x00C02314+1188628]
Ordinal0 [0x00C0316F+1192303]
GetHandleVerifier [0x00EC7BF6+1548950]
GetHandleVerifier [0x00F7461C+2256060]
GetHandleVerifier [0x00DCC13B+518107]
GetHandleVerifier [0x00DCB1E0+514176]
Ordinal0 [0x00CDF53D+2094397]
Ordinal0 [0x00CE3418+2110488]
Ordinal0 [0x00CE3552+2110802]
Ordinal0 [0x00CECE81+2150017]
BaseThreadInitThunk [0x7699FA29+25]
RtlGetAppContainerNamedObjectPath [0x77AF7A9E+286]
RtlGetAppContainerNamedObjectPath [0x77AF7A6E+238]

at java.base/jdk.internal.reflect.NativeConstructorAccessorImpl.newInstance0(Native Method)
at java.base/jdk.internal.reflect.NativeConstructorAccessorImpl.newInstance(NativeConstructorAccessorImpl.java:78)
at java.base/jdk.internal.reflect.DelegatingConstructorAccessorImpl.newInstance(DelegatingConstructorAccessorImpl.java:45)
at java.base/java.lang.reflect.Constructor.newInstanceWithCaller(Constructor.java:499)
at java.base/java.lang.reflect.Constructor.newInstance(Constructor.java:480)
at org.openqa.selenium.remote.W3CHandshakeResponse.lambda$errorHandler$0(W3CHandshakeResponse.java:62)
at org.openqa.selenium.remote.HandshakeResponse.lambda$getResponseFunction$0(HandshakeResponse.java:30)
at org.openqa.selenium.remote.ProtocolHandshake.lambda$createSession$0(ProtocolHandshake.java:126)
at java.base/java.util.stream.ReferencePipeline$3$1.accept(ReferencePipeline.java:197)
at java.base/java.util.Spliterators$ArraySpliterator.tryAdvance(Spliterators.java:958)
at java.base/java.util.stream.ReferencePipeline.forEachWithCancel(ReferencePipeline.java:129)
at java.base/java.util.stream.AbstractPipeline.copyIntoWithCancel(AbstractPipeline.java:502)
at java.base/java.util.stream.AbstractPipeline.copyInto(AbstractPipeline.java:488)
at java.base/java.util.stream.AbstractPipeline.wrapAndCopyInto(AbstractPipeline.java:474)
at java.base/java.util.stream.FindOps$FindOp.evaluateSequential(FindOps.java:150)
at java.base/java.util.stream.AbstractPipeline.evaluate(AbstractPipeline.java:234)
at java.base/java.util.stream.ReferencePipeline.findFirst(ReferencePipeline.java:647)
at org.openqa.selenium.remote.ProtocolHandshake.createSession(ProtocolHandshake.java:128)
at org.openqa.selenium.remote.ProtocolHandshake.createSession(ProtocolHandshake.java:74)
at org.openqa.selenium.remote.HttpCommandExecutor.execute(HttpCommandExecutor.java:136)
at org.openqa.selenium.remote.service.DriverCommandExecutor.execute(DriverCommandExecutor.java:83)
at org.openqa.selenium.remote.RemoteWebDriver.execute(RemoteWebDriver.java:552)
at org.openqa.selenium.remote.RemoteWebDriver.startSession(RemoteWebDriver.java:213)
at org.openqa.selenium.remote.RemoteWebDriver.<init>(RemoteWebDriver.java:131)
at org.openqa.selenium.chrome.ChromeDriver.<init>(ChromeDriver.java:181)
at org.openqa.selenium.chrome.ChromeDriver.<init>(ChromeDriver.java:168)
at org.openqa.selenium.chrome.ChromeDriver.<init>(ChromeDriver.java:157)
at com.webop.common.BrowsersFactory.startBrowser(BrowsersFactory.java:40)
at java.base/jdk.internal.reflect.NativeMethodAccessorImpl.invoke0(Native Method)
at java.base/jdk.internal.reflect.NativeMethodAccessorImpl.invoke(NativeMethodAccessorImpl.java:78)
at java.base/jdk.internal.reflect.DelegatingMethodAccessorImpl.invoke(DelegatingMethodAccessorImpl.java:43)
at java.base/java.lang.reflect.Method.invoke(Method.java:567)
at org.testng.internal.MethodInvocationHelper.invokeMethod(MethodInvocationHelper.java:133)
at org.testng.internal.MethodInvocationHelper.invokeMethodConsideringTimeout(MethodInvocationHelper.java:62)
at org.testng.internal.ConfigInvoker.invokeConfigurationMethod(ConfigInvoker.java:340)
at org.testng.internal.ConfigInvoker.invokeConfigurations(ConfigInvoker.java:294)
at org.testng.TestRunner.invokeTestConfigurations(TestRunner.java:623)
at org.testng.TestRunner.beforeRun(TestRunner.java:613)
at org.testng.TestRunner.run(TestRunner.java:584)
at org.testng.SuiteRunner.runTest(SuiteRunner.java:402)
at org.testng.SuiteRunner.runSequentially(SuiteRunner.java:396)
at org.testng.SuiteRunner.privateRun(SuiteRunner.java:355)
at org.testng.SuiteRunner.run(SuiteRunner.java:304)
at org.testng.SuiteRunnerWorker.runSuite(SuiteRunnerWorker.java:53)
at org.testng.SuiteRunnerWorker.run(SuiteRunnerWorker.java:96)
at org.testng.TestNG.runSuitesSequentially(TestNG.java:1180)
at org.testng.TestNG.runSuitesLocally(TestNG.java:1102)
at org.testng.TestNG.runSuites(TestNG.java:1032)
at org.testng.TestNG.run(TestNG.java:1000)
at org.testng.remote.AbstractRemoteTestNG.run(AbstractRemoteTestNG.java:115)
at org.testng.remote.RemoteTestNG.initAndRun(RemoteTestNG.java:251)
at org.testng.remote.RemoteTestNG.main(RemoteTestNG.java:77)
]]>
            </full-stacktrace>
          </exception> <!-- org.openqa.selenium.SessionNotCreatedException -->
          <reporter-output>
          </reporter-output>
        </test-method> <!-- Booked_Job_20 -->
      </class> <!-- com.webop.testcases.Booking_flow_testcases_1_20 -->
      <class name="com.webop.common.BrowsersFactory">
        <test-method is-config="true" signature="startBrowser(java.lang.String)[pri:0, instance:com.webop.common.BrowsersFactory@5884a914]" started-at="2022-07-02T21:33:42 PKT" name="startBrowser" finished-at="2022-07-02T21:33:44 PKT" duration-ms="2132" status="FAIL">
          <params>
            <param index="0">
              <value>
                <![CDATA[chrome]]>
              </value>
            </param>
          </params>
          <exception class="org.openqa.selenium.SessionNotCreatedException">
            <message>
              <![CDATA[session not created: This version of ChromeDriver only supports Chrome version 95
Current browser version is 103.0.5060.66 with binary path C:\Program Files (x86)\Google\Chrome\Application\chrome.exe
Build info: version: '3.141.59', revision: 'e82be7d358', time: '2018-11-14T08:17:03'
System info: host: 'DESKTOP-34EGUV4', ip: '192.168.10.9', os.name: 'Windows 10', os.arch: 'amd64', os.version: '10.0', java.version: '16.0.1'
Driver info: driver.version: ChromeDriver
remote stacktrace: Backtrace:
Ordinal0 [0x00D40C43+2493507]
Ordinal0 [0x00CDA4B1+2073777]
Ordinal0 [0x00BE2608+1058312]
Ordinal0 [0x00C00771+1181553]
Ordinal0 [0x00BFC57B+1164667]
Ordinal0 [0x00BF9DCF+1154511]
Ordinal0 [0x00C29F0F+1351439]
Ordinal0 [0x00C29B7A+1350522]
Ordinal0 [0x00C2580B+1333259]
Ordinal0 [0x00C02314+1188628]
Ordinal0 [0x00C0316F+1192303]
GetHandleVerifier [0x00EC7BF6+1548950]
GetHandleVerifier [0x00F7461C+2256060]
GetHandleVerifier [0x00DCC13B+518107]
GetHandleVerifier [0x00DCB1E0+514176]
Ordinal0 [0x00CDF53D+2094397]
Ordinal0 [0x00CE3418+2110488]
Ordinal0 [0x00CE3552+2110802]
Ordinal0 [0x00CECE81+2150017]
BaseThreadInitThunk [0x7699FA29+25]
RtlGetAppContainerNamedObjectPath [0x77AF7A9E+286]
RtlGetAppContainerNamedObjectPath [0x77AF7A6E+238]
]]>
            </message>
            <full-stacktrace>
              <![CDATA[org.openqa.selenium.SessionNotCreatedException: session not created: This version of ChromeDriver only supports Chrome version 95
Current browser version is 103.0.5060.66 with binary path C:\Program Files (x86)\Google\Chrome\Application\chrome.exe
Build info: version: '3.141.59', revision: 'e82be7d358', time: '2018-11-14T08:17:03'
System info: host: 'DESKTOP-34EGUV4', ip: '192.168.10.9', os.name: 'Windows 10', os.arch: 'amd64', os.version: '10.0', java.version: '16.0.1'
Driver info: driver.version: ChromeDriver
remote stacktrace: Backtrace:
Ordinal0 [0x00D40C43+2493507]
Ordinal0 [0x00CDA4B1+2073777]
Ordinal0 [0x00BE2608+1058312]
Ordinal0 [0x00C00771+1181553]
Ordinal0 [0x00BFC57B+1164667]
Ordinal0 [0x00BF9DCF+1154511]
Ordinal0 [0x00C29F0F+1351439]
Ordinal0 [0x00C29B7A+1350522]
Ordinal0 [0x00C2580B+1333259]
Ordinal0 [0x00C02314+1188628]
Ordinal0 [0x00C0316F+1192303]
GetHandleVerifier [0x00EC7BF6+1548950]
GetHandleVerifier [0x00F7461C+2256060]
GetHandleVerifier [0x00DCC13B+518107]
GetHandleVerifier [0x00DCB1E0+514176]
Ordinal0 [0x00CDF53D+2094397]
Ordinal0 [0x00CE3418+2110488]
Ordinal0 [0x00CE3552+2110802]
Ordinal0 [0x00CECE81+2150017]
BaseThreadInitThunk [0x7699FA29+25]
RtlGetAppContainerNamedObjectPath [0x77AF7A9E+286]
RtlGetAppContainerNamedObjectPath [0x77AF7A6E+238]

at java.base/jdk.internal.reflect.NativeConstructorAccessorImpl.newInstance0(Native Method)
at java.base/jdk.internal.reflect.NativeConstructorAccessorImpl.newInstance(NativeConstructorAccessorImpl.java:78)
at java.base/jdk.internal.reflect.DelegatingConstructorAccessorImpl.newInstance(DelegatingConstructorAccessorImpl.java:45)
at java.base/java.lang.reflect.Constructor.newInstanceWithCaller(Constructor.java:499)
at java.base/java.lang.reflect.Constructor.newInstance(Constructor.java:480)
at org.openqa.selenium.remote.W3CHandshakeResponse.lambda$errorHandler$0(W3CHandshakeResponse.java:62)
at org.openqa.selenium.remote.HandshakeResponse.lambda$getResponseFunction$0(HandshakeResponse.java:30)
at org.openqa.selenium.remote.ProtocolHandshake.lambda$createSession$0(ProtocolHandshake.java:126)
at java.base/java.util.stream.ReferencePipeline$3$1.accept(ReferencePipeline.java:197)
at java.base/java.util.Spliterators$ArraySpliterator.tryAdvance(Spliterators.java:958)
at java.base/java.util.stream.ReferencePipeline.forEachWithCancel(ReferencePipeline.java:129)
at java.base/java.util.stream.AbstractPipeline.copyIntoWithCancel(AbstractPipeline.java:502)
at java.base/java.util.stream.AbstractPipeline.copyInto(AbstractPipeline.java:488)
at java.base/java.util.stream.AbstractPipeline.wrapAndCopyInto(AbstractPipeline.java:474)
at java.base/java.util.stream.FindOps$FindOp.evaluateSequential(FindOps.java:150)
at java.base/java.util.stream.AbstractPipeline.evaluate(AbstractPipeline.java:234)
at java.base/java.util.stream.ReferencePipeline.findFirst(ReferencePipeline.java:647)
at org.openqa.selenium.remote.ProtocolHandshake.createSession(ProtocolHandshake.java:128)
at org.openqa.selenium.remote.ProtocolHandshake.createSession(ProtocolHandshake.java:74)
at org.openqa.selenium.remote.HttpCommandExecutor.execute(HttpCommandExecutor.java:136)
at org.openqa.selenium.remote.service.DriverCommandExecutor.execute(DriverCommandExecutor.java:83)
at org.openqa.selenium.remote.RemoteWebDriver.execute(RemoteWebDriver.java:552)
at org.openqa.selenium.remote.RemoteWebDriver.startSession(RemoteWebDriver.java:213)
at org.openqa.selenium.remote.RemoteWebDriver.<init>(RemoteWebDriver.java:131)
at org.openqa.selenium.chrome.ChromeDriver.<init>(ChromeDriver.java:181)
at org.openqa.selenium.chrome.ChromeDriver.<init>(ChromeDriver.java:168)
at org.openqa.selenium.chrome.ChromeDriver.<init>(ChromeDriver.java:157)
at com.webop.common.BrowsersFactory.startBrowser(BrowsersFactory.java:40)
at java.base/jdk.internal.reflect.NativeMethodAccessorImpl.invoke0(Native Method)
at java.base/jdk.internal.reflect.NativeMethodAccessorImpl.invoke(NativeMethodAccessorImpl.java:78)
at java.base/jdk.internal.reflect.DelegatingMethodAccessorImpl.invoke(DelegatingMethodAccessorImpl.java:43)
at java.base/java.lang.reflect.Method.invoke(Method.java:567)
at org.testng.internal.MethodInvocationHelper.invokeMethod(MethodInvocationHelper.java:133)
at org.testng.internal.MethodInvocationHelper.invokeMethodConsideringTimeout(MethodInvocationHelper.java:62)
at org.testng.internal.ConfigInvoker.invokeConfigurationMethod(ConfigInvoker.java:340)
at org.testng.internal.ConfigInvoker.invokeConfigurations(ConfigInvoker.java:294)
at org.testng.TestRunner.invokeTestConfigurations(TestRunner.java:623)
at org.testng.TestRunner.beforeRun(TestRunner.java:613)
at org.testng.TestRunner.run(TestRunner.java:584)
at org.testng.SuiteRunner.runTest(SuiteRunner.java:402)
at org.testng.SuiteRunner.runSequentially(SuiteRunner.java:396)
at org.testng.SuiteRunner.privateRun(SuiteRunner.java:355)
at org.testng.SuiteRunner.run(SuiteRunner.java:304)
at org.testng.SuiteRunnerWorker.runSuite(SuiteRunnerWorker.java:53)
at org.testng.SuiteRunnerWorker.run(SuiteRunnerWorker.java:96)
at org.testng.TestNG.runSuitesSequentially(TestNG.java:1180)
at org.testng.TestNG.runSuitesLocally(TestNG.java:1102)
at org.testng.TestNG.runSuites(TestNG.java:1032)
at org.testng.TestNG.run(TestNG.java:1000)
at org.testng.remote.AbstractRemoteTestNG.run(AbstractRemoteTestNG.java:115)
at org.testng.remote.RemoteTestNG.initAndRun(RemoteTestNG.java:251)
at org.testng.remote.RemoteTestNG.main(RemoteTestNG.java:77)
]]>
            </full-stacktrace>
          </exception> <!-- org.openqa.selenium.SessionNotCreatedException -->
          <reporter-output>
          </reporter-output>
        </test-method> <!-- startBrowser -->
        <test-method is-config="true" signature="afterMethod()[pri:0, instance:com.webop.common.BrowsersFactory@5884a914]" started-at="2022-07-02T21:33:45 PKT" name="afterMethod" finished-at="1970-01-01T05:00:00 PKT" duration-ms="-1656779625012" status="SKIP">
          <reporter-output>
          </reporter-output>
        </test-method> <!-- afterMethod -->
      </class> <!-- com.webop.common.BrowsersFactory -->
    </test> <!-- New.test.Project -->
  </suite> <!-- Suite -->
</testng-results>
